<?xml version="1.0" encoding="UTF-8"?>
<coverage generated="1682771562">
    <project timestamp="1682771562">
        <file name="/Users/heroyt/Projects/tournament-generator/src/TournamentGenerator/Base.php">
            <class name="TournamentGenerator\Base" namespace="global">
                <metrics complexity="7" methods="5" coveredmethods="5" conditionals="0" coveredconditionals="0"
                         statements="10" coveredstatements="10" elements="15" coveredelements="15"/>
            </class>
            <line num="27" type="method" name="__toString" visibility="public" complexity="1" crap="1" count="29"/>
            <line num="28" type="stmt" count="29"/>
            <line num="36" type="method" name="getName" visibility="public" complexity="1" crap="1" count="100"/>
            <line num="37" type="stmt" count="100"/>
            <line num="47" type="method" name="setName" visibility="public" complexity="1" crap="1" count="353"/>
            <line num="48" type="stmt" count="353"/>
            <line num="49" type="stmt" count="353"/>
            <line num="57" type="method" name="getId" visibility="public" complexity="1" crap="1" count="325"/>
            <line num="58" type="stmt" count="325"/>
            <line num="70" type="method" name="setId" visibility="public" complexity="3" crap="3" count="346"/>
            <line num="71" type="stmt" count="346"/>
            <line num="73" type="stmt" count="4"/>
            <line num="74" type="stmt" count="4"/>
            <line num="78" type="stmt" count="346"/>
            <line num="79" type="stmt" count="346"/>
            <metrics loc="82" ncloc="43" classes="1" methods="5" coveredmethods="5" conditionals="0"
                     coveredconditionals="0" statements="10" coveredstatements="10" elements="15" coveredelements="15"/>
        </file>
        <file name="/Users/heroyt/Projects/tournament-generator/src/TournamentGenerator/BlankTeam.php">
            <class name="TournamentGenerator\BlankTeam" namespace="global">
                <metrics complexity="1" methods="1" coveredmethods="1" conditionals="0" coveredconditionals="0"
                         statements="5" coveredstatements="5" elements="6" coveredelements="6"/>
            </class>
            <line num="32" type="method" name="__construct" visibility="public" complexity="1" crap="1" count="23"/>
            <line num="33" type="stmt" count="23"/>
            <line num="34" type="stmt" count="23"/>
            <line num="35" type="stmt" count="23"/>
            <line num="36" type="stmt" count="23"/>
            <line num="37" type="stmt" count="23"/>
            <metrics loc="38" ncloc="17" classes="1" methods="1" coveredmethods="1" conditionals="0"
                     coveredconditionals="0" statements="5" coveredstatements="5" elements="6" coveredelements="6"/>
        </file>
        <file name="/Users/heroyt/Projects/tournament-generator/src/TournamentGenerator/Category.php">
            <class name="TournamentGenerator\Category" namespace="global">
                <metrics complexity="5" methods="5" coveredmethods="4" conditionals="0" coveredconditionals="0"
                         statements="16" coveredstatements="10" elements="21" coveredelements="14"/>
            </class>
            <line num="48" type="method" name="__construct" visibility="public" complexity="1" crap="1" count="41"/>
            <line num="49" type="stmt" count="41"/>
            <line num="51" type="stmt" count="41"/>
            <line num="52" type="stmt" count="41"/>
            <line num="53" type="stmt" count="41"/>
            <line num="54" type="stmt" count="41"/>
            <line num="55" type="stmt" count="41"/>
            <line num="62" type="method" name="allowSkip" visibility="public" complexity="1" crap="1" count="2"/>
            <line num="63" type="stmt" count="2"/>
            <line num="64" type="stmt" count="2"/>
            <line num="73" type="method" name="genGamesSimulate" visibility="public" complexity="1" crap="1" count="1"/>
            <line num="74" type="stmt" count="1"/>
            <line num="83" type="method" name="genGamesSimulateReal" visibility="public" complexity="1" crap="1"
                  count="1"/>
            <line num="84" type="stmt" count="1"/>
            <line num="92" type="method" name="jsonSerialize" visibility="public" complexity="1" crap="2" count="0"/>
            <line num="94" type="stmt" count="0"/>
            <line num="95" type="stmt" count="0"/>
            <line num="96" type="stmt" count="0"/>
            <line num="97" type="stmt" count="0"/>
            <line num="98" type="stmt" count="0"/>
            <line num="99" type="stmt" count="0"/>
            <metrics loc="103" ncloc="63" classes="1" methods="5" coveredmethods="4" conditionals="0"
                     coveredconditionals="0" statements="16" coveredstatements="10" elements="21" coveredelements="14"/>
        </file>
        <file name="/Users/heroyt/Projects/tournament-generator/src/TournamentGenerator/Constants.php">
            <class name="TournamentGenerator\Constants" namespace="global">
                <metrics complexity="0" methods="0" coveredmethods="0" conditionals="0" coveredconditionals="0"
                         statements="0" coveredstatements="0" elements="0" coveredelements="0"/>
            </class>
            <metrics loc="48" ncloc="32" classes="0" methods="0" coveredmethods="0" conditionals="0"
                     coveredconditionals="0" statements="0" coveredstatements="0" elements="0" coveredelements="0"/>
        </file>
        <file name="/Users/heroyt/Projects/tournament-generator/src/TournamentGenerator/Containers/BaseContainer.php">
            <class name="TournamentGenerator\Containers\BaseContainer" namespace="global">
                <metrics complexity="38" methods="26" coveredmethods="26" conditionals="0" coveredconditionals="0"
                         statements="71" coveredstatements="71" elements="97" coveredelements="97"/>
            </class>
            <line num="41" type="method" name="__construct" visibility="public" complexity="1" crap="1" count="345"/>
            <line num="42" type="stmt" count="345"/>
            <line num="43" type="stmt" count="345"/>
            <line num="44" type="stmt" count="345"/>
            <line num="54" type="method" name="fromArray" visibility="public" complexity="1" crap="1" count="21"/>
            <line num="55" type="stmt" count="21"/>
            <line num="56" type="stmt" count="21"/>
            <line num="57" type="stmt" count="21"/>
            <line num="68" type="method" name="insertFlat" visibility="public" complexity="2" crap="2" count="22"/>
            <line num="69" type="stmt" count="22"/>
            <line num="70" type="stmt" count="22"/>
            <line num="72" type="stmt" count="22"/>
            <line num="80" type="method" name="count" visibility="public" complexity="1" crap="1" count="64"/>
            <line num="81" type="stmt" count="64"/>
            <line num="89" type="method" name="get" visibility="public" complexity="3" crap="3" count="190"/>
            <line num="90" type="stmt" count="190"/>
            <line num="91" type="stmt" count="105"/>
            <line num="92" type="stmt" count="105"/>
            <line num="93" type="stmt" count="105"/>
            <line num="95" type="stmt" count="105"/>
            <line num="97" type="stmt" count="190"/>
            <line num="105" type="method" name="getTopLevel" visibility="public" complexity="1" crap="1" count="3"/>
            <line num="106" type="stmt" count="3"/>
            <line num="109" type="method" name="getTopLevelQuery" visibility="public" complexity="1" crap="1"
                  count="1"/>
            <line num="110" type="stmt" count="1"/>
            <line num="113" type="method" name="getQuery" visibility="public" complexity="1" crap="1" count="23"/>
            <line num="114" type="stmt" count="23"/>
            <line num="122" type="method" name="current" visibility="public" complexity="1" crap="1" count="3"/>
            <line num="123" type="stmt" count="3"/>
            <line num="131" type="method" name="next" visibility="public" complexity="1" crap="1" count="3"/>
            <line num="132" type="stmt" count="3"/>
            <line num="133" type="stmt" count="3"/>
            <line num="140" type="method" name="key" visibility="public" complexity="1" crap="1" count="1"/>
            <line num="141" type="stmt" count="1"/>
            <line num="149" type="method" name="valid" visibility="public" complexity="1" crap="1" count="3"/>
            <line num="150" type="stmt" count="3"/>
            <line num="158" type="method" name="rewind" visibility="public" complexity="1" crap="1" count="3"/>
            <line num="159" type="stmt" count="3"/>
            <line num="160" type="stmt" count="3"/>
            <line num="172" type="method" name="insert" visibility="public" complexity="4" crap="4" count="295"/>
            <line num="173" type="stmt" count="295"/>
            <line num="174" type="stmt" count="295"/>
            <line num="175" type="stmt" count="295"/>
            <line num="176" type="stmt" count="180"/>
            <line num="179" type="stmt" count="295"/>
            <line num="191" type="method" name="addChild" visibility="public" complexity="3" crap="3" count="185"/>
            <line num="192" type="stmt" count="185"/>
            <line num="193" type="stmt" count="185"/>
            <line num="194" type="stmt" count="185"/>
            <line num="195" type="stmt" count="185"/>
            <line num="198" type="stmt" count="185"/>
            <line num="206" type="method" name="getLeafIds" visibility="public" complexity="3" crap="3" count="80"/>
            <line num="207" type="stmt" count="80"/>
            <line num="208" type="stmt" count="68"/>
            <line num="209" type="stmt" count="68"/>
            <line num="210" type="stmt" count="68"/>
            <line num="212" type="stmt" count="68"/>
            <line num="214" type="stmt" count="80"/>
            <line num="224" type="method" name="filter" visibility="public" complexity="1" crap="1" count="6"/>
            <line num="225" type="stmt" count="6"/>
            <line num="226" type="stmt" count="6"/>
            <line num="227" type="stmt" count="6"/>
            <line num="237" type="method" name="whereId" visibility="public" complexity="1" crap="1" count="13"/>
            <line num="238" type="stmt" count="13"/>
            <line num="239" type="stmt" count="13"/>
            <line num="240" type="stmt" count="13"/>
            <line num="250" type="method" name="sort" visibility="public" complexity="1" crap="1" count="2"/>
            <line num="251" type="stmt" count="2"/>
            <line num="252" type="stmt" count="2"/>
            <line num="253" type="stmt" count="2"/>
            <line num="265" type="method" name="sortBy" visibility="public" complexity="1" crap="1" count="3"/>
            <line num="266" type="stmt" count="3"/>
            <line num="267" type="stmt" count="3"/>
            <line num="268" type="stmt" count="3"/>
            <line num="276" type="method" name="addSorter" visibility="public" complexity="1" crap="1" count="79"/>
            <line num="277" type="stmt" count="79"/>
            <line num="278" type="stmt" count="79"/>
            <line num="279" type="stmt" count="79"/>
            <line num="287" type="method" name="unique" visibility="public" complexity="1" crap="1" count="143"/>
            <line num="288" type="stmt" count="143"/>
            <line num="289" type="stmt" count="143"/>
            <line num="290" type="stmt" count="143"/>
            <line num="302" type="method" name="only" visibility="public" complexity="1" crap="1" count="6"/>
            <line num="303" type="stmt" count="6"/>
            <line num="304" type="stmt" count="6"/>
            <line num="305" type="stmt" count="6"/>
            <line num="314" type="method" name="ids" visibility="public" complexity="1" crap="1" count="8"/>
            <line num="315" type="stmt" count="8"/>
            <line num="316" type="stmt" count="8"/>
            <line num="317" type="stmt" count="8"/>
            <line num="326" type="method" name="getParent" visibility="public" complexity="1" crap="1" count="2"/>
            <line num="327" type="stmt" count="2"/>
            <line num="339" type="method" name="setParent" visibility="public" complexity="3" crap="3" count="186"/>
            <line num="340" type="stmt" count="186"/>
            <line num="341" type="stmt" count="1"/>
            <line num="343" type="stmt" count="185"/>
            <line num="344" type="stmt" count="185"/>
            <metrics loc="345" ncloc="177" classes="1" methods="26" coveredmethods="26" conditionals="0"
                     coveredconditionals="0" statements="71" coveredstatements="71" elements="97" coveredelements="97"/>
        </file>
        <file name="/Users/heroyt/Projects/tournament-generator/src/TournamentGenerator/Containers/ContainerQuery.php">
            <class name="TournamentGenerator\Containers\ContainerQuery" namespace="global">
                <metrics complexity="50" methods="18" coveredmethods="18" conditionals="0" coveredconditionals="0"
                         statements="92" coveredstatements="92" elements="110" coveredelements="110"/>
            </class>
            <line num="40" type="method" name="__construct" visibility="public" complexity="1" crap="1" count="177"/>
            <line num="41" type="stmt" count="177"/>
            <line num="42" type="stmt" count="177"/>
            <line num="43" type="stmt" count="177"/>
            <line num="50" type="method" name="getFirst" visibility="public" complexity="2" crap="2" count="22"/>
            <line num="51" type="stmt" count="22"/>
            <line num="52" type="stmt" count="22"/>
            <line num="53" type="stmt" count="4"/>
            <line num="55" type="stmt" count="21"/>
            <line num="63" type="method" name="get" visibility="public" complexity="3" crap="3" count="176"/>
            <line num="65" type="stmt" count="176"/>
            <line num="66" type="stmt" count="1"/>
            <line num="69" type="stmt" count="176"/>
            <line num="73" type="stmt" count="176"/>
            <line num="76" type="stmt" count="176"/>
            <line num="79" type="stmt" count="176"/>
            <line num="82" type="stmt" count="176"/>
            <line num="83" type="stmt" count="2"/>
            <line num="87" type="stmt" count="176"/>
            <line num="89" type="stmt" count="176"/>
            <line num="97" type="method" name="filterUnique" visibility="protected" complexity="5" crap="5"
                  count="176"/>
            <line num="98" type="stmt" count="176"/>
            <line num="99" type="stmt" count="148"/>
            <line num="100" type="stmt" count="144"/>
            <line num="101" type="stmt" count="144"/>
            <line num="102" type="stmt" count="144"/>
            <line num="103" type="stmt" count="25"/>
            <line num="104" type="stmt" count="25"/>
            <line num="106" type="stmt" count="144"/>
            <line num="110" type="stmt" count="27"/>
            <line num="113" type="stmt" count="176"/>
            <line num="120" type="method" name="applyFilters" visibility="protected" complexity="2" crap="2"
                  count="176"/>
            <line num="121" type="stmt" count="176"/>
            <line num="122" type="stmt" count="24"/>
            <line num="124" type="stmt" count="176"/>
            <line num="125" type="stmt" count="176"/>
            <line num="132" type="method" name="sortData" visibility="protected" complexity="4" crap="4" count="176"/>
            <line num="133" type="stmt" count="176"/>
            <line num="134" type="stmt" count="79"/>
            <line num="136" type="stmt" count="173"/>
            <line num="137" type="stmt" count="2"/>
            <line num="139" type="stmt" count="172"/>
            <line num="140" type="stmt" count="3"/>
            <line num="142" type="stmt" count="176"/>
            <line num="149" type="method" name="pluckData" visibility="protected" complexity="7" crap="7" count="176"/>
            <line num="150" type="stmt" count="176"/>
            <line num="151" type="stmt" count="25"/>
            <line num="152" type="stmt" count="25"/>
            <line num="153" type="stmt" count="1"/>
            <line num="155" type="stmt" count="24"/>
            <line num="156" type="stmt" count="23"/>
            <line num="157" type="stmt" count="1"/>
            <line num="159" type="stmt" count="22"/>
            <line num="160" type="stmt" count="22"/>
            <line num="163" type="stmt" count="2"/>
            <line num="164" type="stmt" count="25"/>
            <line num="166" type="stmt" count="176"/>
            <line num="174" type="method" name="getContainer" visibility="public" complexity="1" crap="1" count="1"/>
            <line num="175" type="stmt" count="1"/>
            <line num="185" type="method" name="filter" visibility="public" complexity="1" crap="1" count="6"/>
            <line num="186" type="stmt" count="6"/>
            <line num="187" type="stmt" count="6"/>
            <line num="197" type="method" name="whereId" visibility="public" complexity="2" crap="2" count="18"/>
            <line num="198" type="stmt" count="18"/>
            <line num="199" type="stmt" count="18"/>
            <line num="201" type="stmt" count="18"/>
            <line num="209" type="method" name="desc" visibility="public" complexity="1" crap="1" count="2"/>
            <line num="210" type="stmt" count="2"/>
            <line num="211" type="stmt" count="2"/>
            <line num="221" type="method" name="sort" visibility="public" complexity="4" crap="4" count="2"/>
            <line num="222" type="stmt" count="2"/>
            <line num="223" type="stmt" count="1"/>
            <line num="224" type="stmt" count="1"/>
            <line num="225" type="stmt" count="1"/>
            <line num="227" type="stmt" count="1"/>
            <line num="228" type="stmt" count="1"/>
            <line num="231" type="stmt" count="1"/>
            <line num="233" type="stmt" count="2"/>
            <line num="245" type="method" name="sortBy" visibility="public" complexity="1" crap="1" count="3"/>
            <line num="246" type="stmt" count="3"/>
            <line num="247" type="stmt" count="3"/>
            <line num="255" type="method" name="addSorter" visibility="public" complexity="1" crap="1" count="79"/>
            <line num="256" type="stmt" count="79"/>
            <line num="257" type="stmt" count="79"/>
            <line num="265" type="method" name="unique" visibility="public" complexity="1" crap="1" count="148"/>
            <line num="266" type="stmt" count="148"/>
            <line num="267" type="stmt" count="148"/>
            <line num="276" type="method" name="ids" visibility="public" complexity="1" crap="1" count="20"/>
            <line num="277" type="stmt" count="20"/>
            <line num="278" type="stmt" count="20"/>
            <line num="289" type="method" name="only" visibility="public" complexity="2" crap="2" count="26"/>
            <line num="290" type="stmt" count="26"/>
            <line num="291" type="stmt" count="1"/>
            <line num="293" type="stmt" count="26"/>
            <line num="294" type="stmt" count="26"/>
            <line num="305" type="method" name="sortByPropertyCallback" visibility="protected" complexity="11" crap="11"
                  count="3"/>
            <line num="307" type="stmt" count="3"/>
            <line num="308" type="stmt" count="3"/>
            <line num="309" type="stmt" count="3"/>
            <line num="310" type="stmt" count="3"/>
            <line num="311" type="stmt" count="2"/>
            <line num="312" type="stmt" count="3"/>
            <line num="313" type="stmt" count="2"/>
            <line num="315" type="stmt" count="3"/>
            <line num="316" type="stmt" count="2"/>
            <line num="318" type="stmt" count="3"/>
            <line num="319" type="stmt" count="2"/>
            <line num="323" type="stmt" count="3"/>
            <line num="324" type="stmt" count="3"/>
            <line num="326" type="stmt" count="3"/>
            <metrics loc="328" ncloc="209" classes="1" methods="18" coveredmethods="18" conditionals="0"
                     coveredconditionals="0" statements="92" coveredstatements="92" elements="110"
                     coveredelements="110"/>
        </file>
        <file name="/Users/heroyt/Projects/tournament-generator/src/TournamentGenerator/Containers/GameContainer.php">
            <class name="TournamentGenerator\Containers\GameContainer" namespace="global">
                <metrics complexity="17" methods="6" coveredmethods="6" conditionals="0" coveredconditionals="0"
                         statements="27" coveredstatements="27" elements="33" coveredelements="33"/>
            </class>
            <line num="39" type="method" name="incrementId" visibility="public" complexity="5" crap="5" count="208"/>
            <line num="41" type="stmt" count="208"/>
            <line num="43" type="stmt" count="208"/>
            <line num="44" type="stmt" count="138"/>
            <line num="47" type="stmt" count="208"/>
            <line num="48" type="stmt" count="138"/>
            <line num="49" type="stmt" count="124"/>
            <line num="52" type="stmt" count="208"/>
            <line num="58" type="method" name="getAutoIncrement" visibility="public" complexity="1" crap="1"
                  count="208"/>
            <line num="59" type="stmt" count="208"/>
            <line num="73" type="method" name="setAutoIncrement" visibility="public" complexity="2" crap="2"
                  count="200"/>
            <line num="74" type="stmt" count="200"/>
            <line num="75" type="stmt" count="200"/>
            <line num="76" type="stmt" count="200"/>
            <line num="77" type="stmt" count="1"/>
            <line num="79" type="stmt" count="200"/>
            <line num="93" type="method" name="resetAutoIncrement" visibility="public" complexity="5" crap="5"
                  count="5"/>
            <line num="94" type="stmt" count="5"/>
            <line num="96" type="stmt" count="5"/>
            <line num="97" type="stmt" count="1"/>
            <line num="100" type="stmt" count="5"/>
            <line num="101" type="stmt" count="1"/>
            <line num="102" type="stmt" count="1"/>
            <line num="105" type="stmt" count="5"/>
            <line num="112" type="method" name="getFirstIncrement" visibility="public" complexity="1" crap="1"
                  count="1"/>
            <line num="113" type="stmt" count="1"/>
            <line num="127" type="method" name="addChild" visibility="public" complexity="3" crap="3" count="180"/>
            <line num="128" type="stmt" count="180"/>
            <line num="129" type="stmt" count="180"/>
            <line num="130" type="stmt" count="1"/>
            <line num="132" type="stmt" count="179"/>
            <line num="134" type="stmt" count="179"/>
            <line num="135" type="stmt" count="179"/>
            <metrics loc="137" ncloc="75" classes="1" methods="6" coveredmethods="6" conditionals="0"
                     coveredconditionals="0" statements="27" coveredstatements="27" elements="33" coveredelements="33"/>
        </file>
        <file name="/Users/heroyt/Projects/tournament-generator/src/TournamentGenerator/Containers/HierarchyContainer.php">
            <class name="TournamentGenerator\Containers\HierarchyContainer" namespace="global">
                <metrics complexity="11" methods="4" coveredmethods="4" conditionals="0" coveredconditionals="0"
                         statements="20" coveredstatements="20" elements="24" coveredelements="24"/>
            </class>
            <line num="28" type="method" name="insert" visibility="public" complexity="4" crap="4" count="179"/>
            <line num="29" type="stmt" count="179"/>
            <line num="30" type="stmt" count="179"/>
            <line num="32" type="stmt" count="179"/>
            <line num="33" type="stmt" count="179"/>
            <line num="34" type="stmt" count="2"/>
            <line num="37" type="stmt" count="179"/>
            <line num="38" type="stmt" count="179"/>
            <line num="49" type="method" name="getHierarchyLevelQuery" visibility="public" complexity="1" crap="1"
                  count="18"/>
            <line num="50" type="stmt" count="18"/>
            <line num="51" type="stmt" count="18"/>
            <line num="61" type="method" name="getHierarchyLevel" visibility="public" complexity="5" crap="5"
                  count="94"/>
            <line num="62" type="stmt" count="94"/>
            <line num="63" type="stmt" count="1"/>
            <line num="65" type="stmt" count="93"/>
            <line num="66" type="stmt" count="91"/>
            <line num="68" type="stmt" count="29"/>
            <line num="69" type="stmt" count="23"/>
            <line num="70" type="stmt" count="23"/>
            <line num="71" type="stmt" count="23"/>
            <line num="73" type="stmt" count="23"/>
            <line num="75" type="stmt" count="14"/>
            <line num="83" type="method" name="getLevelType" visibility="public" complexity="1" crap="1" count="2"/>
            <line num="84" type="stmt" count="2"/>
            <metrics loc="86" ncloc="55" classes="1" methods="4" coveredmethods="4" conditionals="0"
                     coveredconditionals="0" statements="20" coveredstatements="20" elements="24" coveredelements="24"/>
        </file>
        <file name="/Users/heroyt/Projects/tournament-generator/src/TournamentGenerator/Containers/TeamContainer.php">
            <class name="TournamentGenerator\Containers\TeamContainer" namespace="global">
                <metrics complexity="0" methods="0" coveredmethods="0" conditionals="0" coveredconditionals="0"
                         statements="0" coveredstatements="0" elements="0" coveredelements="0"/>
            </class>
            <metrics loc="17" ncloc="8" classes="0" methods="0" coveredmethods="0" conditionals="0"
                     coveredconditionals="0" statements="0" coveredstatements="0" elements="0" coveredelements="0"/>
        </file>
        <file name="/Users/heroyt/Projects/tournament-generator/src/TournamentGenerator/Containers/index.php">
            <metrics loc="13" ncloc="2" classes="0" methods="0" coveredmethods="0" conditionals="0"
                     coveredconditionals="0" statements="0" coveredstatements="0" elements="0" coveredelements="0"/>
        </file>
        <file name="/Users/heroyt/Projects/tournament-generator/src/TournamentGenerator/Export/ExporterBase.php">
            <class name="TournamentGenerator\Export\ExporterBase" namespace="global">
                <metrics complexity="6" methods="5" coveredmethods="5" conditionals="0" coveredconditionals="0"
                         statements="13" coveredstatements="13" elements="18" coveredelements="18"/>
            </class>
            <line num="31" type="method" name="__construct" visibility="public" complexity="1" crap="1" count="19"/>
            <line num="32" type="stmt" count="19"/>
            <line num="33" type="stmt" count="19"/>
            <line num="44" type="method" name="getJson" visibility="public" complexity="1" crap="1" count="7"/>
            <line num="45" type="stmt" count="7"/>
            <line num="53" type="method" name="get" visibility="public" complexity="1" crap="1" count="16"/>
            <line num="54" type="stmt" count="16"/>
            <line num="55" type="stmt" count="16"/>
            <line num="56" type="stmt" count="16"/>
            <line num="57" type="stmt" count="16"/>
            <line num="58" type="stmt" count="16"/>
            <line num="59" type="stmt" count="16"/>
            <line num="67" type="method" name="applyModifiers" visibility="protected" complexity="2" crap="2"
                  count="38"/>
            <line num="68" type="stmt" count="38"/>
            <line num="69" type="stmt" count="13"/>
            <line num="71" type="stmt" count="38"/>
            <line num="80" type="method" name="jsonSerialize" visibility="public" complexity="1" crap="1" count="7"/>
      <line num="81" type="stmt" count="7"/>
      <line num="83" type="stmt" count="1"/>
      <metrics loc="82" ncloc="44" classes="1" methods="5" coveredmethods="5" conditionals="0" coveredconditionals="0" statements="13" coveredstatements="13" elements="18" coveredelements="18"/>
    </file>
    <file name="/Users/heroyt/Projects/tournament-generator/src/TournamentGenerator/Export/ExporterInterface.php">
      <line num="59" type="stmt" count="1"/>
      <metrics loc="58" ncloc="21" classes="0" methods="0" coveredmethods="0" conditionals="0" coveredconditionals="0" statements="0" coveredstatements="0" elements="0" coveredelements="0"/>
    </file>
    <file name="/Users/heroyt/Projects/tournament-generator/src/TournamentGenerator/Export/Hierarchy/Exporter.php">
      <class name="TournamentGenerator\Export\Hierarchy\Exporter" namespace="global">
        <metrics complexity="14" methods="7" coveredmethods="7" conditionals="0" coveredconditionals="0" statements="26" coveredstatements="26" elements="33" coveredelements="33"/>
      </class>
      <line num="29" type="method" name="__construct" visibility="public" complexity="3" crap="3" count="10"/>
      <line num="30" type="stmt" count="10"/>
      <line num="31" type="stmt" count="10"/>
      <line num="33" type="stmt" count="10"/>
      <line num="34" type="stmt" count="10"/>
      <line num="36" type="stmt" count="10"/>
      <line num="37" type="stmt" count="10"/>
      <line num="46" type="method" name="export" visibility="public" complexity="1" crap="1" count="3"/>
      <line num="47" type="stmt" count="3"/>
      <line num="57" type="method" name="start" visibility="public" complexity="1" crap="1" count="10"/>
      <line num="58" type="stmt" count="10"/>
      <line num="69" type="method" name="__call" visibility="public" complexity="4" crap="4" count="3"/>
      <line num="70" type="stmt" count="3"/>
      <line num="71" type="stmt" count="3"/>
      <line num="72" type="stmt" count="3"/>
      <line num="73" type="stmt" count="2"/>
      <line num="74" type="stmt" count="2"/>
      <line num="77" type="stmt" count="3"/>
      <line num="78" type="stmt" count="2"/>
      <line num="81" type="stmt" count="1"/>
      <line num="89" type="method" name="get" visibility="public" complexity="3" crap="3" count="9"/>
      <line num="90" type="stmt" count="9"/>
      <line num="91" type="stmt" count="9"/>
      <line num="92" type="stmt" count="9"/>
      <line num="93" type="stmt" count="9"/>
      <line num="94" type="stmt" count="4"/>
      <line num="97" type="stmt" count="9"/>
      <line num="100" type="stmt" count="9"/>
      <line num="108" type="method" name="getBasic" visibility="public" complexity="1" crap="1" count="9"/>
      <line num="109" type="stmt" count="9"/>
      <line num="123" type="method" name="withSetup" visibility="public" complexity="1" crap="1" count="4"/>
      <line num="124" type="stmt" count="4"/>
      <line num="125" type="stmt" count="4"/>
      <line num="127" type="stmt" count="1"/>
      <metrics loc="126" ncloc="74" classes="1" methods="7" coveredmethods="7" conditionals="0" coveredconditionals="0" statements="26" coveredstatements="26" elements="33" coveredelements="33"/>
    </file>
    <file name="/Users/heroyt/Projects/tournament-generator/src/TournamentGenerator/Export/Hierarchy/GamesExporter.php">
      <class name="TournamentGenerator\Export\Hierarchy\GamesExporter" namespace="global">
        <metrics complexity="5" methods="4" coveredmethods="4" conditionals="0" coveredconditionals="0" statements="9" coveredstatements="9" elements="13" coveredelements="13"/>
      </class>
      <line num="31" type="method" name="__construct" visibility="public" complexity="2" crap="2" count="13"/>
      <line num="32" type="stmt" count="13"/>
      <line num="33" type="stmt" count="1"/>
      <line num="35" type="stmt" count="12"/>
      <line num="36" type="stmt" count="12"/>
      <line num="45" type="method" name="export" visibility="public" complexity="1" crap="1" count="3"/>
      <line num="46" type="stmt" count="3"/>
      <line num="56" type="method" name="start" visibility="public" complexity="1" crap="1" count="13"/>
      <line num="57" type="stmt" count="13"/>
      <line num="67" type="method" name="getBasic" visibility="public" complexity="1" crap="1" count="11"/>
      <line num="68" type="stmt" count="11"/>
      <line num="69" type="stmt" count="11"/>
      <line num="70" type="stmt" count="11"/>
      <line num="72" type="stmt" count="1"/>
      <metrics loc="71" ncloc="39" classes="1" methods="4" coveredmethods="4" conditionals="0" coveredconditionals="0" statements="9" coveredstatements="9" elements="13" coveredelements="13"/>
    </file>
        <file name="/Users/heroyt/Projects/tournament-generator/src/TournamentGenerator/Export/Hierarchy/SetupExporter.php">
            <class name="TournamentGenerator\Export\Hierarchy\SetupExporter" namespace="global">
                <metrics complexity="40" methods="13" coveredmethods="13" conditionals="0" coveredconditionals="0"
                         statements="96" coveredstatements="96" elements="109" coveredelements="109"/>
            </class>
            <line num="37" type="method" name="export" visibility="public" complexity="1" crap="1" count="2"/>
            <line num="38" type="stmt" count="2"/>
            <line num="47" type="method" name="get" visibility="public" complexity="1" crap="1" count="6"/>
            <line num="48" type="stmt" count="6"/>
            <line num="49" type="stmt" count="6"/>
            <line num="50" type="stmt" count="6"/>
            <line num="57" type="method" name="getBasic" visibility="public" complexity="1" crap="1" count="6"/>
            <line num="58" type="stmt" count="6"/>
            <line num="59" type="stmt" count="6"/>
            <line num="60" type="stmt" count="6"/>
            <line num="61" type="stmt" count="6"/>
            <line num="62" type="stmt" count="6"/>
            <line num="63" type="stmt" count="6"/>
            <line num="73" type="method" name="getTournamentData" visibility="protected" complexity="8" crap="8"
                  count="6"/>
            <line num="74" type="stmt" count="6"/>
            <line num="75" type="stmt" count="2"/>
            <line num="77" type="stmt" count="5"/>
            <line num="78" type="stmt" count="5"/>
            <line num="79" type="stmt" count="5"/>
            <line num="80" type="stmt" count="5"/>
            <line num="82" type="stmt" count="5"/>
            <line num="83" type="stmt" count="5"/>
            <line num="84" type="stmt" count="5"/>
            <line num="85" type="stmt" count="5"/>
            <line num="86" type="stmt" count="5"/>
            <line num="88" type="stmt" count="5"/>
            <line num="89" type="stmt" count="5"/>
            <line num="90" type="stmt" count="5"/>
            <line num="91" type="stmt" count="5"/>
            <line num="92" type="stmt" count="5"/>
            <line num="94" type="stmt" count="5"/>
            <line num="103" type="method" name="getCategoriesData" visibility="protected" complexity="4" crap="4"
                  count="6"/>
            <line num="104" type="stmt" count="6"/>
            <line num="105" type="stmt" count="1"/>
            <line num="106" type="stmt" count="1"/>
            <line num="108" type="stmt" count="6"/>
            <line num="109" type="stmt" count="5"/>
            <line num="110" type="stmt" count="5"/>
            <line num="111" type="stmt" count="1"/>
            <line num="114" type="stmt" count="6"/>
            <line num="124" type="method" name="getCategoryData" visibility="protected" complexity="5" crap="5"
                  count="1"/>
            <line num="126" type="stmt" count="1"/>
            <line num="127" type="stmt" count="1"/>
            <line num="128" type="stmt" count="1"/>
            <line num="129" type="stmt" count="1"/>
            <line num="130" type="stmt" count="1"/>
            <line num="131" type="stmt" count="1"/>
            <line num="132" type="stmt" count="1"/>
            <line num="143" type="method" name="getRoundsData" visibility="protected" complexity="4" crap="4"
                  count="6"/>
            <line num="144" type="stmt" count="6"/>
            <line num="145" type="stmt" count="2"/>
            <line num="146" type="stmt" count="2"/>
            <line num="148" type="stmt" count="6"/>
            <line num="149" type="stmt" count="5"/>
            <line num="150" type="stmt" count="5"/>
            <line num="151" type="stmt" count="5"/>
            <line num="154" type="stmt" count="6"/>
            <line num="164" type="method" name="getRoundData" visibility="protected" complexity="4" crap="4" count="6"/>
            <line num="166" type="stmt" count="6"/>
            <line num="167" type="stmt" count="6"/>
            <line num="168" type="stmt" count="6"/>
            <line num="169" type="stmt" count="6"/>
            <line num="170" type="stmt" count="6"/>
            <line num="171" type="stmt" count="6"/>
            <line num="172" type="stmt" count="6"/>
            <line num="183" type="method" name="getGroupsData" visibility="protected" complexity="6" crap="6"
                  count="6"/>
            <line num="184" type="stmt" count="6"/>
            <line num="185" type="stmt" count="6"/>
            <line num="186" type="stmt" count="6"/>
            <line num="187" type="stmt" count="2"/>
            <line num="188" type="stmt" count="2"/>
            <line num="189" type="stmt" count="1"/>
            <line num="191" type="stmt" count="6"/>
            <line num="192" type="stmt" count="6"/>
            <line num="193" type="stmt" count="6"/>
            <line num="194" type="stmt" count="6"/>
            <line num="195" type="stmt" count="5"/>
            <line num="199" type="stmt" count="6"/>
            <line num="209" type="method" name="getGroupData" visibility="protected" complexity="3" crap="3" count="6"/>
            <line num="211" type="stmt" count="6"/>
            <line num="212" type="stmt" count="6"/>
            <line num="213" type="stmt" count="6"/>
            <line num="214" type="stmt" count="6"/>
            <line num="216" type="stmt" count="6"/>
            <line num="217" type="stmt" count="6"/>
            <line num="218" type="stmt" count="6"/>
            <line num="219" type="stmt" count="6"/>
            <line num="220" type="stmt" count="6"/>
            <line num="221" type="stmt" count="6"/>
            <line num="223" type="stmt" count="6"/>
            <line num="224" type="stmt" count="6"/>
            <line num="225" type="stmt" count="6"/>
            <line num="226" type="stmt" count="6"/>
            <line num="227" type="stmt" count="6"/>
            <line num="238" type="method" name="getProgressionData" visibility="protected" complexity="1" crap="1"
                  count="5"/>
            <line num="240" type="stmt" count="5"/>
            <line num="241" type="stmt" count="5"/>
            <line num="242" type="stmt" count="5"/>
            <line num="243" type="stmt" count="5"/>
            <line num="244" type="stmt" count="5"/>
            <line num="245" type="stmt" count="5"/>
            <line num="246" type="stmt" count="5"/>
            <line num="253" type="method" name="start" visibility="public" complexity="1" crap="1" count="6"/>
            <line num="254" type="stmt" count="6"/>
            <line num="264" type="method" name="getTeamFilterData" visibility="protected" complexity="1" crap="1"
                  count="1"/>
            <line num="266" type="stmt" count="1"/>
            <line num="267" type="stmt" count="1"/>
            <line num="268" type="stmt" count="1"/>
            <line num="269" type="stmt" count="1"/>
            <line num="272" type="stmt" count="1"/>
            <metrics loc="271" ncloc="182" classes="1" methods="13" coveredmethods="13" conditionals="0"
                     coveredconditionals="0" statements="96" coveredstatements="96" elements="109"
                     coveredelements="109"/>
        </file>
    <file name="/Users/heroyt/Projects/tournament-generator/src/TournamentGenerator/Export/Hierarchy/TeamsExporter.php">
      <class name="TournamentGenerator\Export\Hierarchy\TeamsExporter" namespace="global">
        <metrics complexity="6" methods="5" coveredmethods="5" conditionals="0" coveredconditionals="0" statements="11" coveredstatements="11" elements="16" coveredelements="16"/>
      </class>
      <line num="37" type="method" name="__construct" visibility="public" complexity="2" crap="2" count="16"/>
      <line num="38" type="stmt" count="16"/>
      <line num="39" type="stmt" count="1"/>
      <line num="41" type="stmt" count="15"/>
      <line num="42" type="stmt" count="15"/>
      <line num="51" type="method" name="export" visibility="public" complexity="1" crap="1" count="3"/>
      <line num="52" type="stmt" count="3"/>
      <line num="62" type="method" name="start" visibility="public" complexity="1" crap="1" count="16"/>
      <line num="63" type="stmt" count="16"/>
      <line num="71" type="method" name="getBasic" visibility="public" complexity="1" crap="1" count="14"/>
      <line num="72" type="stmt" count="14"/>
      <line num="73" type="stmt" count="14"/>
      <line num="74" type="stmt" count="14"/>
      <line num="88" type="method" name="withScores" visibility="public" complexity="1" crap="1" count="5"/>
      <line num="89" type="stmt" count="5"/>
      <line num="90" type="stmt" count="5"/>
      <line num="92" type="stmt" count="1"/>
      <metrics loc="91" ncloc="46" classes="1" methods="5" coveredmethods="5" conditionals="0" coveredconditionals="0" statements="11" coveredstatements="11" elements="16" coveredelements="16"/>
    </file>
    <file name="/Users/heroyt/Projects/tournament-generator/src/TournamentGenerator/Export/Modifiers/Modifier.php">
      <line num="27" type="stmt" count="1"/>
      <metrics loc="26" ncloc="10" classes="0" methods="0" coveredmethods="0" conditionals="0" coveredconditionals="0" statements="0" coveredstatements="0" elements="0" coveredelements="0"/>
    </file>
    <file name="/Users/heroyt/Projects/tournament-generator/src/TournamentGenerator/Export/Modifiers/WithScoresModifier.php">
      <class name="TournamentGenerator\Export\Modifiers\WithScoresModifier" namespace="global">
        <metrics complexity="8" methods="3" coveredmethods="3" conditionals="0" coveredconditionals="0" statements="21" coveredstatements="21" elements="24" coveredelements="24"/>
      </class>
      <line num="18" type="method" name="process" visibility="public" complexity="6" crap="6" count="17"/>
      <line num="20" type="stmt" count="17"/>
      <line num="21" type="stmt" count="9"/>
      <line num="22" type="stmt" count="1"/>
      <line num="24" type="stmt" count="8"/>
      <line num="27" type="stmt" count="8"/>
      <line num="28" type="stmt" count="8"/>
      <line num="29" type="stmt" count="3"/>
      <line num="31" type="stmt" count="5"/>
      <line num="33" type="stmt" count="5"/>
      <line num="44" type="method" name="processArray" visibility="protected" complexity="1" crap="1" count="8"/>
      <line num="46" type="stmt" count="8"/>
      <line num="47" type="stmt" count="8"/>
      <line num="48" type="stmt" count="6"/>
      <line num="49" type="stmt" count="6"/>
      <line num="50" type="stmt" count="8"/>
      <line num="51" type="stmt" count="8"/>
      <line num="62" type="method" name="processObject" visibility="protected" complexity="1" crap="1" count="5"/>
      <line num="64" type="stmt" count="5"/>
      <line num="65" type="stmt" count="5"/>
      <line num="66" type="stmt" count="4"/>
      <line num="67" type="stmt" count="4"/>
      <line num="68" type="stmt" count="5"/>
      <line num="69" type="stmt" count="5"/>
      <line num="71" type="stmt" count="1"/>
      <metrics loc="70" ncloc="50" classes="1" methods="3" coveredmethods="3" conditionals="0" coveredconditionals="0" statements="21" coveredstatements="21" elements="24" coveredelements="24"/>
    </file>
    <file name="/Users/heroyt/Projects/tournament-generator/src/TournamentGenerator/Export/Single/GameExporter.php">
      <class name="TournamentGenerator\Export\Single\GameExporter" namespace="global">
        <metrics complexity="5" methods="5" coveredmethods="5" conditionals="0" coveredconditionals="0" statements="9" coveredstatements="9" elements="14" coveredelements="14"/>
      </class>
      <line num="35" type="method" name="__construct" visibility="public" complexity="1" crap="1" count="15"/>
      <line num="36" type="stmt" count="15"/>
      <line num="37" type="stmt" count="15"/>
      <line num="46" type="method" name="export" visibility="public" complexity="1" crap="1" count="4"/>
      <line num="47" type="stmt" count="4"/>
      <line num="57" type="method" name="start" visibility="public" complexity="1" crap="1" count="4"/>
      <line num="58" type="stmt" count="4"/>
      <line num="68" type="method" name="exportBasic" visibility="public" complexity="1" crap="1" count="15"/>
      <line num="69" type="stmt" count="15"/>
      <line num="77" type="method" name="getBasic" visibility="public" complexity="1" crap="1" count="15"/>
      <line num="79" type="stmt" count="15"/>
      <line num="80" type="stmt" count="15"/>
      <line num="81" type="stmt" count="15"/>
      <line num="82" type="stmt" count="15"/>
      <line num="85" type="stmt" count="1"/>
      <metrics loc="84" ncloc="39" classes="1" methods="5" coveredmethods="5" conditionals="0" coveredconditionals="0" statements="9" coveredstatements="9" elements="14" coveredelements="14"/>
    </file>
    <file name="/Users/heroyt/Projects/tournament-generator/src/TournamentGenerator/Export/Single/TeamExporter.php">
      <class name="TournamentGenerator\Export\Single\TeamExporter" namespace="global">
        <metrics complexity="6" methods="6" coveredmethods="6" conditionals="0" coveredconditionals="0" statements="10" coveredstatements="10" elements="16" coveredelements="16"/>
      </class>
      <line num="36" type="method" name="__construct" visibility="public" complexity="1" crap="1" count="30"/>
      <line num="37" type="stmt" count="30"/>
      <line num="38" type="stmt" count="30"/>
      <line num="47" type="method" name="export" visibility="public" complexity="1" crap="1" count="8"/>
      <line num="48" type="stmt" count="8"/>
      <line num="58" type="method" name="start" visibility="public" complexity="1" crap="1" count="16"/>
      <line num="59" type="stmt" count="16"/>
      <line num="69" type="method" name="exportBasic" visibility="public" complexity="1" crap="1" count="17"/>
      <line num="70" type="stmt" count="17"/>
      <line num="83" type="method" name="getBasic" visibility="public" complexity="1" crap="1" count="30"/>
      <line num="85" type="stmt" count="30"/>
      <line num="86" type="stmt" count="30"/>
      <line num="87" type="stmt" count="30"/>
        <line num="97" type="method" name="withScores" visibility="public" complexity="1" crap="1" count="8"/>
        <line num="98" type="stmt" count="8"/>
        <line num="99" type="stmt" count="8"/>
        <line num="101" type="stmt" count="1"/>
        <metrics loc="100" ncloc="45" classes="1" methods="6" coveredmethods="6" conditionals="0"
                 coveredconditionals="0" statements="10" coveredstatements="10" elements="16" coveredelements="16"/>
    </file>
        <file name="/Users/heroyt/Projects/tournament-generator/src/TournamentGenerator/Export/SingleExporter.php">
            <line num="27" type="stmt" count="1"/>
            <metrics loc="26" ncloc="12" classes="0" methods="0" coveredmethods="0" conditionals="0"
                     coveredconditionals="0" statements="0" coveredstatements="0" elements="0" coveredelements="0"/>
        </file>
        <file name="/Users/heroyt/Projects/tournament-generator/src/TournamentGenerator/Export/SingleExporterBase.php">
            <class name="TournamentGenerator\Export\SingleExporterBase" namespace="global">
                <metrics complexity="2" methods="2" coveredmethods="2" conditionals="0" coveredconditionals="0"
                         statements="7" coveredstatements="7" elements="9" coveredelements="9"/>
            </class>
            <line num="23" type="method" name="get" visibility="public" complexity="1" crap="1" count="20"/>
            <line num="24" type="stmt" count="20"/>
            <line num="25" type="stmt" count="20"/>
            <line num="26" type="stmt" count="20"/>
            <line num="27" type="stmt" count="20"/>
            <line num="35" type="method" name="getWithObject" visibility="public" complexity="1" crap="1" count="23"/>
            <line num="36" type="stmt" count="23"/>
            <line num="37" type="stmt" count="23"/>
            <line num="38" type="stmt" count="23"/>
            <line num="41" type="stmt" count="1"/>
            <metrics loc="40" ncloc="21" classes="1" methods="2" coveredmethods="2" conditionals="0"
                     coveredconditionals="0" statements="7" coveredstatements="7" elements="9" coveredelements="9"/>
        </file>
        <file name="/Users/heroyt/Projects/tournament-generator/src/TournamentGenerator/Export/index.php">
            <metrics loc="13" ncloc="2" classes="0" methods="0" coveredmethods="0" conditionals="0"
                     coveredconditionals="0" statements="0" coveredstatements="0" elements="0" coveredelements="0"/>
        </file>
        <file name="/Users/heroyt/Projects/tournament-generator/src/TournamentGenerator/Game.php">
            <class name="TournamentGenerator\Game" namespace="global">
                <metrics complexity="51" methods="24" coveredmethods="23" conditionals="0" coveredconditionals="0"
                         statements="138" coveredstatements="137" elements="162" coveredelements="160"/>
            </class>
            <line num="48" type="method" name="__construct" visibility="public" complexity="1" crap="1" count="227"/>
            <line num="49" type="stmt" count="227"/>
            <line num="50" type="stmt" count="227"/>
            <line num="51" type="stmt" count="226"/>
            <line num="60" type="method" name="addTeam" visibility="public" complexity="4" crap="4" count="226"/>
            <line num="61" type="stmt" count="226"/>
            <line num="62" type="stmt" count="226"/>
            <line num="63" type="stmt" count="226"/>
            <line num="66" type="stmt" count="226"/>
            <line num="67" type="stmt" count="226"/>
            <line num="68" type="stmt" count="226"/>
            <line num="70" type="stmt" count="226"/>
            <line num="71" type="stmt" count="226"/>
            <line num="74" type="stmt" count="226"/>
            <line num="82" type="method" name="getGroup" visibility="public" complexity="1" crap="1" count="226"/>
            <line num="83" type="stmt" count="226"/>
            <line num="91" type="method" name="getTeams" visibility="public" complexity="1" crap="1" count="53"/>
            <line num="92" type="stmt" count="53"/>
            <line num="100" type="method" name="getTeamsIds" visibility="public" complexity="1" crap="1" count="32"/>
            <line num="101" type="stmt" count="32"/>
            <line num="102" type="stmt" count="32"/>
            <line num="103" type="stmt" count="32"/>
            <line num="111" type="method" name="getResults" visibility="public" complexity="1" crap="1" count="26"/>
            <line num="112" type="stmt" count="26"/>
            <line num="113" type="stmt" count="26"/>
            <line num="126" type="method" name="setResults" visibility="public" complexity="5" crap="5" count="102"/>
            <line num="127" type="stmt" count="102"/>
            <line num="128" type="stmt" count="102"/>
            <line num="130" type="stmt" count="102"/>
            <line num="131" type="stmt" count="102"/>
            <line num="132" type="stmt" count="102"/>
            <line num="133" type="stmt" count="102"/>
            <line num="134" type="stmt" count="1"/>
            <line num="136" type="stmt" count="101"/>
            <line num="137" type="stmt" count="101"/>
            <line num="138" type="stmt" count="1"/>
            <line num="140" type="stmt" count="100"/>
            <line num="141" type="stmt" count="100"/>
            <line num="143" type="stmt" count="100"/>
            <line num="155" type="method" name="resetResults" visibility="public" complexity="2" crap="2" count="102"/>
            <line num="156" type="stmt" count="102"/>
            <line num="157" type="stmt" count="26"/>
            <line num="159" type="stmt" count="102"/>
            <line num="160" type="stmt" count="102"/>
            <line num="172" type="method" name="resetTeamScore" visibility="protected" complexity="6" crap="6"
                  count="26"/>
            <line num="173" type="stmt" count="26"/>
            <line num="174" type="stmt" count="26"/>
            <line num="175" type="stmt" count="26"/>
            <line num="176" type="stmt" count="26"/>
            <line num="177" type="stmt" count="26"/>
            <line num="178" type="stmt" count="25"/>
            <line num="179" type="stmt" count="25"/>
            <line num="180" type="stmt" count="26"/>
            <line num="181" type="stmt" count="1"/>
            <line num="182" type="stmt" count="1"/>
            <line num="183" type="stmt" count="25"/>
            <line num="184" type="stmt" count="25"/>
            <line num="185" type="stmt" count="25"/>
            <line num="186" type="stmt" count="2"/>
            <line num="187" type="stmt" count="2"/>
            <line num="188" type="stmt" count="2"/>
            <line num="189" type="stmt" count="1"/>
            <line num="190" type="stmt" count="1"/>
            <line num="191" type="stmt" count="1"/>
            <line num="193" type="stmt" count="26"/>
            <line num="202" type="method" name="getTeam" visibility="public" complexity="2" crap="2" count="103"/>
            <line num="203" type="stmt" count="103"/>
            <line num="204" type="stmt" count="103"/>
            <line num="205" type="stmt" count="103"/>
            <line num="206" type="stmt" count="103"/>
            <line num="219" type="method" name="setTeamScore" visibility="protected" complexity="4" crap="4"
                  count="100"/>
            <line num="220" type="stmt" count="100"/>
            <line num="221" type="stmt" count="100"/>
            <line num="222" type="stmt" count="100"/>
            <line num="223" type="stmt" count="100"/>
            <line num="224" type="stmt" count="90"/>
            <line num="225" type="stmt" count="90"/>
            <line num="226" type="stmt" count="10"/>
            <line num="227" type="stmt" count="1"/>
            <line num="228" type="stmt" count="1"/>
            <line num="229" type="stmt" count="9"/>
            <line num="230" type="stmt" count="9"/>
            <line num="231" type="stmt" count="9"/>
            <line num="233" type="stmt" count="100"/>
            <line num="234" type="stmt" count="100"/>
            <line num="247" type="method" name="setResults2" visibility="protected" complexity="3" crap="3" count="90"/>
            <line num="248" type="stmt" count="90"/>
            <line num="249" type="stmt" count="90"/>
            <line num="250" type="stmt" count="90"/>
            <line num="251" type="stmt" count="15"/>
            <line num="252" type="stmt" count="15"/>
            <line num="253" type="stmt" count="15"/>
            <line num="255" type="stmt" count="88"/>
            <line num="256" type="stmt" count="88"/>
            <line num="257" type="stmt" count="88"/>
            <line num="258" type="stmt" count="88"/>
            <line num="261" type="stmt" count="88"/>
            <line num="262" type="stmt" count="88"/>
            <line num="263" type="stmt" count="88"/>
            <line num="265" type="stmt" count="90"/>
            <line num="277" type="method" name="setResults3" visibility="protected" complexity="4" crap="4" count="1"/>
            <line num="279" type="stmt" count="1"/>
            <line num="280" type="stmt" count="1"/>
            <line num="281" type="stmt" count="1"/>
            <line num="282" type="stmt" count="1"/>
            <line num="283" type="stmt" count="1"/>
            <line num="284" type="stmt" count="1"/>
            <line num="285" type="stmt" count="1"/>
            <line num="286" type="stmt" count="1"/>
            <line num="287" type="stmt" count="1"/>
            <line num="288" type="stmt" count="1"/>
            <line num="289" type="stmt" count="1"/>
            <line num="290" type="stmt" count="1"/>
            <line num="291" type="stmt" count="1"/>
            <line num="292" type="stmt" count="1"/>
            <line num="293" type="stmt" count="1"/>
            <line num="295" type="stmt" count="1"/>
            <line num="307" type="method" name="setResults4" visibility="protected" complexity="5" crap="5" count="9"/>
            <line num="309" type="stmt" count="9"/>
            <line num="310" type="stmt" count="9"/>
            <line num="311" type="stmt" count="9"/>
            <line num="312" type="stmt" count="9"/>
            <line num="313" type="stmt" count="9"/>
            <line num="314" type="stmt" count="9"/>
            <line num="315" type="stmt" count="9"/>
            <line num="316" type="stmt" count="9"/>
            <line num="317" type="stmt" count="9"/>
            <line num="318" type="stmt" count="9"/>
            <line num="319" type="stmt" count="9"/>
            <line num="320" type="stmt" count="9"/>
            <line num="321" type="stmt" count="9"/>
            <line num="322" type="stmt" count="9"/>
            <line num="323" type="stmt" count="9"/>
            <line num="324" type="stmt" count="9"/>
            <line num="325" type="stmt" count="9"/>
            <line num="326" type="stmt" count="9"/>
            <line num="327" type="stmt" count="9"/>
            <line num="328" type="stmt" count="9"/>
            <line num="330" type="stmt" count="9"/>
            <line num="338" type="method" name="getWin" visibility="public" complexity="1" crap="1" count="16"/>
            <line num="339" type="stmt" count="16"/>
            <line num="347" type="method" name="getLoss" visibility="public" complexity="1" crap="1" count="2"/>
            <line num="348" type="stmt" count="2"/>
            <line num="356" type="method" name="getSecond" visibility="public" complexity="1" crap="1" count="1"/>
            <line num="357" type="stmt" count="1"/>
            <line num="365" type="method" name="getThird" visibility="public" complexity="1" crap="1" count="1"/>
            <line num="366" type="stmt" count="1"/>
            <line num="374" type="method" name="getDraw" visibility="public" complexity="1" crap="1" count="15"/>
            <line num="375" type="stmt" count="15"/>
            <line num="383" type="method" name="isPlayed" visibility="public" complexity="1" crap="1" count="56"/>
            <line num="384" type="stmt" count="56"/>
            <line num="391" type="method" name="getId" visibility="public" complexity="1" crap="1" count="107"/>
            <line num="392" type="stmt" count="107"/>
            <line num="401" type="method" name="setId" visibility="public" complexity="2" crap="2" count="209"/>
            <line num="402" type="stmt" count="209"/>
            <line num="403" type="stmt" count="1"/>
            <line num="405" type="stmt" count="209"/>
            <line num="406" type="stmt" count="209"/>
            <line num="413" type="method" name="jsonSerialize" visibility="public" complexity="1" crap="2" count="0"/>
            <line num="414" type="stmt" count="0"/>
            <line num="422" type="method" name="export" visibility="public" complexity="1" crap="1" count="4"/>
            <line num="423" type="stmt" count="4"/>
            <metrics loc="425" ncloc="253" classes="1" methods="24" coveredmethods="23" conditionals="0"
                     coveredconditionals="0" statements="138" coveredstatements="137" elements="162"
                     coveredelements="160"/>
        </file>
        <file name="/Users/heroyt/Projects/tournament-generator/src/TournamentGenerator/Group.php">
            <class name="TournamentGenerator\Group" namespace="global">
                <metrics complexity="50" methods="43" coveredmethods="42" conditionals="0" coveredconditionals="0"
                         statements="99" coveredstatements="95" elements="142" coveredelements="137"/>
            </class>
            <line num="63" type="method" name="__construct" visibility="public" complexity="1" crap="1" count="258"/>
            <line num="64" type="stmt" count="258"/>
            <line num="65" type="stmt" count="258"/>
            <line num="67" type="stmt" count="258"/>
            <line num="68" type="stmt" count="258"/>
            <line num="69" type="stmt" count="258"/>
            <line num="70" type="stmt" count="258"/>
            <line num="71" type="stmt" count="258"/>
            <line num="81" type="method" name="addTeam" visibility="public" complexity="2" crap="2" count="183"/>
            <line num="82" type="stmt" count="183"/>
            <line num="83" type="stmt" count="183"/>
            <line num="84" type="stmt" count="183"/>
            <line num="86" type="stmt" count="183"/>
            <line num="98" type="method" name="team" visibility="public" complexity="1" crap="1" count="88"/>
            <line num="99" type="stmt" count="88"/>
            <line num="100" type="stmt" count="88"/>
            <line num="101" type="stmt" count="88"/>
            <line num="102" type="stmt" count="88"/>
            <line num="110" type="method" name="allowSkip" visibility="public" complexity="1" crap="1" count="1"/>
            <line num="111" type="stmt" count="1"/>
            <line num="112" type="stmt" count="1"/>
            <line num="120" type="method" name="disallowSkip" visibility="public" complexity="1" crap="1" count="1"/>
            <line num="121" type="stmt" count="1"/>
            <line num="122" type="stmt" count="1"/>
            <line num="132" type="method" name="setSkip" visibility="public" complexity="1" crap="1" count="167"/>
            <line num="133" type="stmt" count="167"/>
            <line num="134" type="stmt" count="167"/>
            <line num="142" type="method" name="getSkip" visibility="public" complexity="1" crap="1" count="22"/>
            <line num="143" type="stmt" count="22"/>
            <line num="151" type="method" name="getWinPoints" visibility="public" complexity="1" crap="1" count="120"/>
            <line num="152" type="stmt" count="120"/>
            <line num="162" type="method" name="setWinPoints" visibility="public" complexity="1" crap="1" count="19"/>
            <line num="163" type="stmt" count="19"/>
            <line num="164" type="stmt" count="19"/>
            <line num="172" type="method" name="getDrawPoints" visibility="public" complexity="1" crap="1" count="38"/>
            <line num="173" type="stmt" count="38"/>
            <line num="183" type="method" name="setDrawPoints" visibility="public" complexity="1" crap="1" count="19"/>
            <line num="184" type="stmt" count="19"/>
            <line num="185" type="stmt" count="19"/>
            <line num="193" type="method" name="getLostPoints" visibility="public" complexity="1" crap="1" count="120"/>
            <line num="194" type="stmt" count="120"/>
            <line num="204" type="method" name="setLostPoints" visibility="public" complexity="1" crap="1" count="19"/>
            <line num="205" type="stmt" count="19"/>
            <line num="206" type="stmt" count="19"/>
            <line num="214" type="method" name="getSecondPoints" visibility="public" complexity="1" crap="1"
                  count="34"/>
            <line num="215" type="stmt" count="34"/>
            <line num="225" type="method" name="setSecondPoints" visibility="public" complexity="1" crap="1"
                  count="19"/>
            <line num="226" type="stmt" count="19"/>
            <line num="227" type="stmt" count="19"/>
            <line num="235" type="method" name="getThirdPoints" visibility="public" complexity="1" crap="1" count="33"/>
            <line num="236" type="stmt" count="33"/>
            <line num="246" type="method" name="setThirdPoints" visibility="public" complexity="1" crap="1" count="19"/>
            <line num="247" type="stmt" count="19"/>
            <line num="248" type="stmt" count="19"/>
            <line num="256" type="method" name="getProgressPoints" visibility="public" complexity="1" crap="1"
                  count="52"/>
            <line num="257" type="stmt" count="52"/>
            <line num="267" type="method" name="setProgressPoints" visibility="public" complexity="1" crap="1"
                  count="19"/>
            <line num="268" type="stmt" count="19"/>
            <line num="269" type="stmt" count="19"/>
            <line num="283" type="method" name="setMaxSize" visibility="public" complexity="1" crap="1" count="25"/>
            <line num="284" type="stmt" count="25"/>
            <line num="285" type="stmt" count="24"/>
            <line num="296" type="method" name="getMaxSize" visibility="public" complexity="1" crap="1" count="22"/>
            <line num="297" type="stmt" count="22"/>
            <line num="310" type="method" name="setType" visibility="public" complexity="1" crap="1" count="59"/>
            <line num="311" type="stmt" count="59"/>
            <line num="312" type="stmt" count="59"/>
            <line num="322" type="method" name="getType" visibility="public" complexity="1" crap="1" count="22"/>
            <line num="323" type="stmt" count="22"/>
            <line num="331" type="method" name="getOrder" visibility="public" complexity="1" crap="1" count="5"/>
            <line num="332" type="stmt" count="5"/>
            <line num="342" type="method" name="setOrder" visibility="public" complexity="1" crap="1" count="16"/>
            <line num="343" type="stmt" count="16"/>
            <line num="344" type="stmt" count="16"/>
            <line num="352" type="method" name="getOrdering" visibility="public" complexity="1" crap="1" count="3"/>
            <line num="353" type="stmt" count="3"/>
            <line num="366" type="method" name="setOrdering" visibility="public" complexity="2" crap="2" count="1"/>
            <line num="367" type="stmt" count="1"/>
            <line num="368" type="stmt" count="1"/>
            <line num="370" type="stmt" count="1"/>
            <line num="371" type="stmt" count="1"/>
            <line num="382" type="method" name="setInGame" visibility="public" complexity="1" crap="1" count="92"/>
            <line num="383" type="stmt" count="92"/>
            <line num="384" type="stmt" count="92"/>
            <line num="392" type="method" name="getInGame" visibility="public" complexity="1" crap="1" count="119"/>
            <line num="393" type="stmt" count="119"/>
            <line num="403" type="method" name="addProgression" visibility="public" complexity="1" crap="1" count="1"/>
            <line num="404" type="stmt" count="1"/>
            <line num="405" type="stmt" count="1"/>
            <line num="421" type="method" name="progression" visibility="public" complexity="1" crap="1" count="59"/>
            <line num="422" type="stmt" count="59"/>
            <line num="423" type="stmt" count="59"/>
            <line num="424" type="stmt" count="59"/>
            <line num="438" type="method" name="progress" visibility="public" complexity="2" crap="2" count="53"/>
            <line num="439" type="stmt" count="53"/>
            <line num="440" type="stmt" count="53"/>
            <line num="442" type="stmt" count="53"/>
            <line num="452" type="method" name="addProgressed" visibility="public" complexity="1" crap="1" count="54"/>
            <line num="453" type="stmt" count="54"/>
            <line num="454" type="stmt" count="54"/>
            <line num="455" type="stmt" count="54"/>
            <line num="456" type="stmt" count="54"/>
            <line num="466" type="method" name="isProgressed" visibility="public" complexity="1" crap="1" count="7"/>
            <line num="467" type="stmt" count="7"/>
            <line num="476" type="method" name="genGames" visibility="public" complexity="1" crap="1" count="65"/>
            <line num="477" type="stmt" count="65"/>
            <line num="490" type="method" name="game" visibility="public" complexity="1" crap="1" count="171"/>
            <line num="491" type="stmt" count="171"/>
            <line num="492" type="stmt" count="171"/>
            <line num="493" type="stmt" count="171"/>
            <line num="494" type="stmt" count="171"/>
            <line num="495" type="stmt" count="171"/>
            <line num="508" type="method" name="addGame" visibility="public" complexity="2" crap="2" count="38"/>
            <line num="509" type="stmt" count="38"/>
            <line num="511" type="stmt" count="38"/>
            <line num="512" type="stmt" count="38"/>
            <line num="514" type="stmt" count="38"/>
            <line num="516" type="stmt" count="38"/>
            <line num="527" type="method" name="orderGames" visibility="public" complexity="2" crap="2" count="5"/>
            <line num="528" type="stmt" count="5"/>
            <line num="529" type="stmt" count="1"/>
            <line num="531" type="stmt" count="4"/>
            <line num="532" type="stmt" count="4"/>
            <line num="544" type="method" name="simulate" visibility="public" complexity="1" crap="1" count="51"/>
            <line num="545" type="stmt" count="51"/>
            <line num="557" type="method" name="resetGames" visibility="public" complexity="2" crap="2" count="21"/>
            <line num="558" type="stmt" count="21"/>
            <line num="559" type="stmt" count="21"/>
            <line num="561" type="stmt" count="21"/>
            <line num="569" type="method" name="isPlayed" visibility="public" complexity="2" crap="2" count="57"/>
            <line num="570" type="stmt" count="57"/>
            <line num="571" type="stmt" count="29"/>
            <line num="573" type="stmt" count="52"/>
            <line num="574" type="stmt" count="52"/>
            <line num="575" type="stmt" count="52"/>
            <line num="583" type="method" name="getProgressions" visibility="public" complexity="1" crap="1" count="8"/>
            <line num="584" type="stmt" count="8"/>
            <line num="592" type="method" name="jsonSerialize" visibility="public" complexity="1" crap="2" count="0"/>
            <line num="594" type="stmt" count="0"/>
            <line num="595" type="stmt" count="0"/>
            <line num="596" type="stmt" count="0"/>
            <line num="597" type="stmt" count="0"/>
            <metrics loc="601" ncloc="272" classes="1" methods="43" coveredmethods="42" conditionals="0"
                     coveredconditionals="0" statements="99" coveredstatements="95" elements="142"
                     coveredelements="137"/>
        </file>
        <file name="/Users/heroyt/Projects/tournament-generator/src/TournamentGenerator/Helpers/Filter.php">
            <class name="TournamentGenerator\Helpers\Filter" namespace="global">
                <metrics complexity="35" methods="6" coveredmethods="6" conditionals="0" coveredconditionals="0"
                         statements="73" coveredstatements="73" elements="79" coveredelements="79"/>
            </class>
            <line num="33" type="method" name="__construct" visibility="public" complexity="1" crap="1" count="41"/>
            <line num="34" type="stmt" count="41"/>
            <line num="35" type="stmt" count="41"/>
            <line num="36" type="stmt" count="41"/>
            <line num="37" type="stmt" count="41"/>
            <line num="38" type="stmt" count="41"/>
            <line num="48" type="method" name="filter" visibility="public" complexity="4" crap="4" count="41"/>
            <line num="49" type="stmt" count="41"/>
            <line num="50" type="stmt" count="41"/>
            <line num="51" type="stmt" count="9"/>
            <line num="52" type="stmt" count="4"/>
            <line num="55" type="stmt" count="32"/>
            <line num="56" type="stmt" count="31"/>
            <line num="57" type="stmt" count="31"/>
            <line num="58" type="stmt" count="31"/>
            <line num="59" type="stmt" count="31"/>
            <line num="62" type="stmt" count="1"/>
            <line num="64" type="stmt" count="35"/>
            <line num="78" type="method" name="filterMulti" visibility="protected" complexity="7" crap="7" count="9"/>
            <line num="79" type="stmt" count="9"/>
            <line num="80" type="stmt" count="9"/>
            <line num="81" type="stmt" count="4"/>
            <line num="82" type="stmt" count="4"/>
            <line num="83" type="stmt" count="4"/>
            <line num="86" type="stmt" count="4"/>
            <line num="87" type="stmt" count="8"/>
            <line num="88" type="stmt" count="7"/>
            <line num="89" type="stmt" count="7"/>
            <line num="90" type="stmt" count="3"/>
            <line num="93" type="stmt" count="3"/>
            <line num="95" type="stmt" count="1"/>
            <line num="107" type="method" name="filterAnd" visibility="private" complexity="11" crap="11" count="6"/>
            <line num="108" type="stmt" count="6"/>
            <line num="109" type="stmt" count="6"/>
            <line num="110" type="stmt" count="6"/>
            <line num="111" type="stmt" count="1"/>
            <line num="113" type="stmt" count="6"/>
            <line num="114" type="stmt" count="6"/>
            <line num="115" type="stmt" count="5"/>
            <line num="116" type="stmt" count="4"/>
            <line num="118" type="stmt" count="4"/>
            <line num="119" type="stmt" count="6"/>
            <line num="120" type="stmt" count="5"/>
            <line num="121" type="stmt" count="3"/>
            <line num="123" type="stmt" count="5"/>
            <line num="125" type="stmt" count="1"/>
            <line num="127" type="stmt" count="5"/>
            <line num="130" type="stmt" count="4"/>
            <line num="131" type="stmt" count="3"/>
            <line num="132" type="stmt" count="3"/>
            <line num="134" type="stmt" count="3"/>
            <line num="136" type="stmt" count="1"/>
            <line num="138" type="stmt" count="4"/>
            <line num="150" type="method" name="filterOr" visibility="private" complexity="11" crap="11" count="8"/>
            <line num="151" type="stmt" count="8"/>
            <line num="152" type="stmt" count="8"/>
            <line num="153" type="stmt" count="7"/>
            <line num="155" type="stmt" count="8"/>
            <line num="156" type="stmt" count="7"/>
            <line num="157" type="stmt" count="7"/>
            <line num="158" type="stmt" count="5"/>
            <line num="159" type="stmt" count="3"/>
            <line num="161" type="stmt" count="3"/>
            <line num="162" type="stmt" count="7"/>
            <line num="163" type="stmt" count="6"/>
            <line num="164" type="stmt" count="5"/>
            <line num="166" type="stmt" count="5"/>
            <line num="168" type="stmt" count="1"/>
            <line num="170" type="stmt" count="5"/>
            <line num="173" type="stmt" count="7"/>
            <line num="174" type="stmt" count="6"/>
            <line num="175" type="stmt" count="6"/>
            <line num="177" type="stmt" count="6"/>
            <line num="179" type="stmt" count="1"/>
            <line num="181" type="stmt" count="6"/>
            <line num="189" type="method" name="getGroupsIds" visibility="private" complexity="1" crap="1" count="37"/>
            <line num="190" type="stmt" count="37"/>
            <line num="191" type="stmt" count="37"/>
            <line num="192" type="stmt" count="37"/>
            <metrics loc="194" ncloc="135" classes="1" methods="6" coveredmethods="6" conditionals="0"
                     coveredconditionals="0" statements="73" coveredstatements="73" elements="79" coveredelements="79"/>
        </file>
        <file name="/Users/heroyt/Projects/tournament-generator/src/TournamentGenerator/Helpers/FilterComparator.php">
            <class name="TournamentGenerator\Helpers\FilterComparator" namespace="global">
                <metrics complexity="37" methods="6" coveredmethods="6" conditionals="0" coveredconditionals="0"
                         statements="72" coveredstatements="72" elements="78" coveredelements="78"/>
            </class>
            <line num="33" type="method" name="compare" visibility="public" complexity="7" crap="7" count="39"/>
            <line num="35" type="stmt" count="39"/>
            <line num="36" type="stmt" count="39"/>
            <line num="38" type="stmt" count="39"/>
            <line num="40" type="stmt" count="39"/>
            <line num="42" type="stmt" count="39"/>
            <line num="43" type="stmt" count="39"/>
            <line num="44" type="stmt" count="21"/>
            <line num="45" type="stmt" count="21"/>
            <line num="46" type="stmt" count="38"/>
            <line num="47" type="stmt" count="16"/>
            <line num="48" type="stmt" count="16"/>
            <line num="49" type="stmt" count="38"/>
            <line num="50" type="stmt" count="15"/>
            <line num="51" type="stmt" count="15"/>
            <line num="52" type="stmt" count="35"/>
            <line num="53" type="stmt" count="16"/>
            <line num="54" type="stmt" count="16"/>
            <line num="55" type="stmt" count="35"/>
            <line num="56" type="stmt" count="34"/>
            <line num="57" type="stmt" count="34"/>
            <line num="58" type="stmt" count="13"/>
            <line num="59" type="stmt" count="13"/>
            <line num="60" type="stmt" count="13"/>
            <line num="62" type="stmt" count="39"/>
            <line num="74" type="method" name="calcComparisonValue" visibility="private" complexity="5" crap="5"
                  count="39"/>
            <line num="75" type="stmt" count="39"/>
            <line num="76" type="stmt" count="39"/>
            <line num="77" type="stmt" count="39"/>
            <line num="78" type="stmt" count="34"/>
            <line num="79" type="stmt" count="34"/>
            <line num="80" type="stmt" count="5"/>
            <line num="81" type="stmt" count="1"/>
            <line num="82" type="stmt" count="1"/>
            <line num="83" type="stmt" count="4"/>
            <line num="84" type="stmt" count="2"/>
            <line num="85" type="stmt" count="2"/>
            <line num="86" type="stmt" count="2"/>
            <line num="87" type="stmt" count="2"/>
            <line num="88" type="stmt" count="2"/>
            <line num="90" type="stmt" count="39"/>
            <line num="101" type="method" name="calcSum" visibility="private" complexity="3" crap="3" count="35"/>
[...]
            <line num="95" type="stmt" count="18"/>
            <line num="96" type="stmt" count="18"/>
            <line num="97" type="stmt" count="18"/>
            <line num="98" type="stmt" count="18"/>
            <line num="112" type="method" name="removeDraw" visibility="public" complexity="2" crap="2" count="2"/>
            <line num="113" type="stmt" count="2"/>
            <line num="114" type="stmt" count="1"/>
            <line num="116" type="stmt" count="1"/>
            <line num="117" type="stmt" count="1"/>
            <line num="118" type="stmt" count="1"/>
            <line num="119" type="stmt" count="1"/>
            <line num="133" type="method" name="addLoss" visibility="public" complexity="2" crap="2" count="102"/>
            <line num="134" type="stmt" count="102"/>
            <line num="135" type="stmt" count="1"/>
            <line num="137" type="stmt" count="101"/>
            <line num="138" type="stmt" count="101"/>
            <line num="139" type="stmt" count="101"/>
            <line num="140" type="stmt" count="101"/>
            <line num="154" type="method" name="removeLoss" visibility="public" complexity="2" crap="2" count="26"/>
            <line num="155" type="stmt" count="26"/>
            <line num="156" type="stmt" count="1"/>
            <line num="158" type="stmt" count="25"/>
            <line num="159" type="stmt" count="25"/>
            <line num="160" type="stmt" count="25"/>
            <line num="161" type="stmt" count="25"/>
            <line num="175" type="method" name="addSecond" visibility="public" complexity="2" crap="2" count="13"/>
            <line num="176" type="stmt" count="13"/>
            <line num="177" type="stmt" count="1"/>
            <line num="179" type="stmt" count="12"/>
            <line num="180" type="stmt" count="12"/>
            <line num="181" type="stmt" count="12"/>
            <line num="182" type="stmt" count="12"/>
            <line num="196" type="method" name="removeSecond" visibility="public" complexity="2" crap="2" count="3"/>
            <line num="197" type="stmt" count="3"/>
            <line num="198" type="stmt" count="1"/>
            <line num="200" type="stmt" count="2"/>
            <line num="201" type="stmt" count="2"/>
            <line num="202" type="stmt" count="2"/>
            <line num="203" type="stmt" count="2"/>
            <line num="217" type="method" name="addThird" visibility="public" complexity="2" crap="2" count="12"/>
            <line num="218" type="stmt" count="12"/>
            <line num="219" type="stmt" count="1"/>
            <line num="221" type="stmt" count="11"/>
            <line num="222" type="stmt" count="11"/>
            <line num="223" type="stmt" count="11"/>
            <line num="224" type="stmt" count="11"/>
            <line num="238" type="method" name="removeThird" visibility="public" complexity="2" crap="2" count="2"/>
            <line num="239" type="stmt" count="2"/>
            <line num="240" type="stmt" count="1"/>
            <line num="242" type="stmt" count="1"/>
            <line num="243" type="stmt" count="1"/>
            <line num="244" type="stmt" count="1"/>
            <line num="245" type="stmt" count="1"/>
            <metrics loc="247" ncloc="113" classes="1" methods="10" coveredmethods="10" conditionals="0"
                     coveredconditionals="0" statements="60" coveredstatements="60" elements="70" coveredelements="70"/>
        </file>
        <file name="/Users/heroyt/Projects/tournament-generator/src/TournamentGenerator/Traits/HasScore.php">
            <class name="TournamentGenerator\Traits\HasScore" namespace="global">
                <metrics complexity="12" methods="8" coveredmethods="8" conditionals="0" coveredconditionals="0"
                         statements="22" coveredstatements="22" elements="30" coveredelements="30"/>
            </class>
            <line num="29" type="method" name="getSumPoints" visibility="public" complexity="1" crap="1" count="5"/>
            <line num="30" type="stmt" count="5"/>
            <line num="38" type="method" name="getSumScore" visibility="public" complexity="1" crap="1" count="7"/>
            <line num="39" type="stmt" count="7"/>
            <line num="49" type="method" name="sumPoints" visibility="public" complexity="3" crap="3" count="65"/>
            <line num="50" type="stmt" count="65"/>
            <line num="51" type="stmt" count="1"/>
            <line num="53" type="stmt" count="64"/>
            <line num="54" type="stmt" count="64"/>
            <line num="55" type="stmt" count="64"/>
            <line num="57" type="stmt" count="64"/>
            <line num="67" type="method" name="sumScore" visibility="public" complexity="3" crap="3" count="30"/>
            <line num="68" type="stmt" count="30"/>
            <line num="69" type="stmt" count="1"/>
            <line num="71" type="stmt" count="29"/>
            <line num="72" type="stmt" count="29"/>
            <line num="73" type="stmt" count="29"/>
            <line num="75" type="stmt" count="29"/>
            <line num="85" type="method" name="addScore" visibility="public" complexity="1" crap="1" count="102"/>
            <line num="86" type="stmt" count="102"/>
            <line num="87" type="stmt" count="102"/>
            <line num="97" type="method" name="removeScore" visibility="public" complexity="1" crap="1" count="27"/>
            <line num="98" type="stmt" count="27"/>
            <line num="99" type="stmt" count="27"/>
            <line num="109" type="method" name="addPoints" visibility="public" complexity="1" crap="1" count="107"/>
            <line num="110" type="stmt" count="107"/>
            <line num="111" type="stmt" count="107"/>
            <line num="121" type="method" name="removePoints" visibility="public" complexity="1" crap="1" count="27"/>
            <line num="122" type="stmt" count="27"/>
            <line num="123" type="stmt" count="27"/>
            <metrics loc="124" ncloc="61" classes="1" methods="8" coveredmethods="8" conditionals="0"
                     coveredconditionals="0" statements="22" coveredstatements="22" elements="30" coveredelements="30"/>
        </file>
        <file name="/Users/heroyt/Projects/tournament-generator/src/TournamentGenerator/Traits/WithCategories.php">
            <class name="TournamentGenerator\Traits\WithCategories" namespace="global">
                <metrics complexity="5" methods="4" coveredmethods="4" conditionals="0" coveredconditionals="0"
                         statements="8" coveredstatements="8" elements="12" coveredelements="12"/>
            </class>
            <line num="26" type="method" name="getCategories" visibility="public" complexity="1" crap="1" count="12"/>
            <line num="27" type="stmt" count="12"/>
            <line num="35" type="method" name="queryCategories" visibility="public" complexity="1" crap="1" count="5"/>
            <line num="36" type="stmt" count="5"/>
            <line num="47" type="method" name="addCategory" visibility="public" complexity="2" crap="2" count="6"/>
            <line num="48" type="stmt" count="6"/>
            <line num="49" type="stmt" count="6"/>
            <line num="51" type="stmt" count="6"/>
            <line num="62" type="method" name="category" visibility="public" complexity="1" crap="1" count="10"/>
            <line num="63" type="stmt" count="10"/>
            <line num="64" type="stmt" count="10"/>
            <line num="65" type="stmt" count="10"/>
            <metrics loc="67" ncloc="35" classes="1" methods="4" coveredmethods="4" conditionals="0"
                     coveredconditionals="0" statements="8" coveredstatements="8" elements="12" coveredelements="12"/>
        </file>
        <file name="/Users/heroyt/Projects/tournament-generator/src/TournamentGenerator/Traits/WithGames.php">
            <class name="TournamentGenerator\Traits\WithGames" namespace="global">
                <metrics complexity="7" methods="5" coveredmethods="5" conditionals="0" coveredconditionals="0"
                         statements="13" coveredstatements="13" elements="18" coveredelements="18"/>
            </class>
            <line num="32" type="method" name="addGameContainer" visibility="public" complexity="1" crap="1"
                  count="178"/>
            <line num="33" type="stmt" count="178"/>
            <line num="34" type="stmt" count="178"/>
            <line num="42" type="method" name="getGames" visibility="public" complexity="1" crap="1" count="88"/>
            <line num="43" type="stmt" count="88"/>
            <line num="51" type="method" name="getGameContainer" visibility="public" complexity="1" crap="1"
                  count="187"/>
            <line num="52" type="stmt" count="187"/>
            <line num="69" type="method" name="setGameAutoincrementId" visibility="public" complexity="1" crap="1"
                  count="76"/>
            <line num="70" type="stmt" count="76"/>
            <line num="71" type="stmt" count="76"/>
            <line num="84" type="method" name="setResults" visibility="public" complexity="3" crap="3" count="4"/>
            <line num="85" type="stmt" count="4"/>
            <line num="87" type="stmt" count="4"/>
            <line num="88" type="stmt" count="4"/>
            <line num="89" type="stmt" count="4"/>
            <line num="90" type="stmt" count="4"/>
            <line num="91" type="stmt" count="4"/>
            <line num="93" type="stmt" count="4"/>
            <metrics loc="94" ncloc="44" classes="1" methods="5" coveredmethods="5" conditionals="0"
                     coveredconditionals="0" statements="13" coveredstatements="13" elements="18" coveredelements="18"/>
        </file>
        <file name="/Users/heroyt/Projects/tournament-generator/src/TournamentGenerator/Traits/WithGroups.php">
            <class name="TournamentGenerator\Traits\WithGroups" namespace="global">
                <metrics complexity="2" methods="2" coveredmethods="2" conditionals="0" coveredconditionals="0"
                         statements="2" coveredstatements="2" elements="4" coveredelements="4"/>
            </class>
            <line num="25" type="method" name="getGroups" visibility="public" complexity="1" crap="1" count="71"/>
            <line num="26" type="stmt" count="71"/>
            <line num="34" type="method" name="queryGroups" visibility="public" complexity="1" crap="1" count="6"/>
            <line num="35" type="stmt" count="6"/>
            <metrics loc="36" ncloc="19" classes="1" methods="2" coveredmethods="2" conditionals="0"
                     coveredconditionals="0" statements="2" coveredstatements="2" elements="4" coveredelements="4"/>
        </file>
        <file name="/Users/heroyt/Projects/tournament-generator/src/TournamentGenerator/Traits/WithRounds.php">
            <class name="TournamentGenerator\Traits\WithRounds" namespace="global">
                <metrics complexity="6" methods="4" coveredmethods="4" conditionals="0" coveredconditionals="0"
                         statements="10" coveredstatements="10" elements="14" coveredelements="14"/>
            </class>
            <line num="29" type="method" name="addRound" visibility="public" complexity="2" crap="2" count="11"/>
            <line num="30" type="stmt" count="11"/>
            <line num="31" type="stmt" count="11"/>
            <line num="33" type="stmt" count="11"/>
            <line num="44" type="method" name="round" visibility="public" complexity="2" crap="2" count="118"/>
            <line num="45" type="stmt" count="118"/>
            <line num="46" type="stmt" count="118"/>
            <line num="47" type="stmt" count="118"/>
            <line num="49" type="stmt" count="118"/>
            <line num="50" type="stmt" count="118"/>
            <line num="58" type="method" name="getRounds" visibility="public" complexity="1" crap="1" count="55"/>
            <line num="59" type="stmt" count="55"/>
            <line num="67" type="method" name="queryRounds" visibility="public" complexity="1" crap="1" count="5"/>
            <line num="68" type="stmt" count="5"/>
            <metrics loc="69" ncloc="37" classes="1" methods="4" coveredmethods="4" conditionals="0"
                     coveredconditionals="0" statements="10" coveredstatements="10" elements="14" coveredelements="14"/>
        </file>
        <file name="/Users/heroyt/Projects/tournament-generator/src/TournamentGenerator/Traits/WithSkipSetters.php">
            <class name="TournamentGenerator\Traits\WithSkipSetters" namespace="global">
                <metrics complexity="4" methods="4" coveredmethods="4" conditionals="0" coveredconditionals="0"
                         statements="7" coveredstatements="7" elements="11" coveredelements="11"/>
            </class>
            <line num="28" type="method" name="allowSkip" visibility="public" complexity="1" crap="1" count="32"/>
            <line num="29" type="stmt" count="32"/>
            <line num="30" type="stmt" count="32"/>
            <line num="38" type="method" name="disallowSkip" visibility="public" complexity="1" crap="1" count="4"/>
            <line num="39" type="stmt" count="4"/>
            <line num="40" type="stmt" count="4"/>
            <line num="50" type="method" name="setSkip" visibility="public" complexity="1" crap="1" count="191"/>
            <line num="51" type="stmt" count="191"/>
            <line num="52" type="stmt" count="191"/>
            <line num="60" type="method" name="getSkip" visibility="public" complexity="1" crap="1" count="154"/>
            <line num="61" type="stmt" count="154"/>
            <metrics loc="62" ncloc="32" classes="1" methods="4" coveredmethods="4" conditionals="0"
                     coveredconditionals="0" statements="7" coveredstatements="7" elements="11" coveredelements="11"/>
        </file>
        <file name="/Users/heroyt/Projects/tournament-generator/src/TournamentGenerator/Traits/WithTeams.php">
            <class name="TournamentGenerator\Traits\WithTeams" namespace="global">
                <metrics complexity="31" methods="10" coveredmethods="9" conditionals="0" coveredconditionals="0"
                         statements="61" coveredstatements="60" elements="71" coveredelements="69"/>
            </class>
            <line num="41" type="method" name="team" visibility="public" complexity="1" crap="1" count="137"/>
            <line num="42" type="stmt" count="137"/>
            <line num="43" type="stmt" count="137"/>
            <line num="44" type="stmt" count="137"/>
            <line num="56" type="method" name="splitTeams" visibility="public" complexity="6" crap="6" count="37"/>
            <line num="57" type="stmt" count="37"/>
            <line num="58" type="stmt" count="14"/>
            <line num="61" type="stmt" count="37"/>
            <line num="62" type="stmt" count="37"/>
            <line num="63" type="stmt" count="2"/>
            <line num="66" type="stmt" count="35"/>
            <line num="69" type="stmt" count="37"/>
            <line num="70" type="stmt" count="37"/>
            <line num="71" type="stmt" count="37"/>
            <line num="72" type="stmt" count="37"/>
            <line num="75" type="stmt" count="37"/>
            <line num="76" type="stmt" count="37"/>
            <line num="78" type="stmt" count="37"/>
            <line num="90" type="method" name="splitTeamsEvenly" visibility="public" complexity="7" crap="7.02"
                  count="14"/>
            <line num="91" type="stmt" count="14"/>
            <line num="92" type="stmt" count="14"/>
            <line num="95" type="stmt" count="14"/>
            <line num="96" type="stmt" count="14"/>
            <line num="97" type="stmt" count="0"/>
            <line num="100" type="stmt" count="14"/>
            <line num="103" type="stmt" count="14"/>
            <line num="104" type="stmt" count="14"/>
            <line num="105" type="stmt" count="14"/>
            <line num="106" type="stmt" count="14"/>
            <line num="110" type="stmt" count="14"/>
            <line num="111" type="stmt" count="14"/>
            <line num="113" type="stmt" count="14"/>
            <line num="126" type="method" name="getTeams" visibility="public" complexity="4" crap="4" count="142"/>
            <line num="127" type="stmt" count="142"/>
            <line num="128" type="stmt" count="25"/>
            <line num="130" type="stmt" count="142"/>
            <line num="131" type="stmt" count="60"/>
            <line num="134" type="stmt" count="141"/>
            <line num="138" type="stmt" count="142"/>
            <line num="139" type="stmt" count="25"/>
            <line num="142" type="stmt" count="136"/>
            <line num="154" type="method" name="sortTeams" visibility="public" complexity="3" crap="3" count="78"/>
            <line num="155" type="stmt" count="78"/>
            <line num="156" type="stmt" count="57"/>
            <line num="158" type="stmt" count="78"/>
            <line num="159" type="stmt" count="78"/>
            <line num="162" type="stmt" count="78"/>
            <line num="163" type="stmt" count="19"/>
            <line num="166" type="stmt" count="78"/>
            <line num="178" type="method" name="filterTeams" visibility="public" complexity="3" crap="3" count="41"/>
            <line num="180" type="stmt" count="41"/>
            <line num="181" type="stmt" count="5"/>
            <line num="182" type="stmt" count="5"/>
            <line num="184" type="stmt" count="39"/>
            <line num="185" type="stmt" count="39"/>
            <line num="186" type="stmt" count="39"/>
            <line num="188" type="stmt" count="35"/>
            <line num="196" type="method" name="isSeeded" visibility="public" complexity="3" crap="3" count="57"/>
            <line num="197" type="stmt" count="57"/>
            <line num="198" type="stmt" count="57"/>
            <line num="199" type="stmt" count="2"/>
            <line num="202" type="stmt" count="55"/>
            <line num="213" type="method" name="addTeam" visibility="public" complexity="2" crap="2" count="65"/>
            <line num="214" type="stmt" count="65"/>
            <line num="215" type="stmt" count="65"/>
            <line num="217" type="stmt" count="65"/>
            <line num="225" type="method" name="getTeamContainer" visibility="public" complexity="1" crap="1"
                  count="182"/>
            <line num="226" type="stmt" count="182"/>
            <line num="237" type="method" name="addTeamContainer" visibility="public" complexity="1" crap="1"
                  count="178"/>
            <line num="238" type="stmt" count="178"/>
            <line num="239" type="stmt" count="178"/>
            <metrics loc="240" ncloc="151" classes="1" methods="10" coveredmethods="9" conditionals="0"
                     coveredconditionals="0" statements="61" coveredstatements="60" elements="71" coveredelements="69"/>
        </file>
        <file name="/Users/heroyt/Projects/tournament-generator/src/TournamentGenerator/Traits/index.php">
            <metrics loc="13" ncloc="2" classes="0" methods="0" coveredmethods="0" conditionals="0"
                     coveredconditionals="0" statements="0" coveredstatements="0" elements="0" coveredelements="0"/>
        </file>
        <file name="/Users/heroyt/Projects/tournament-generator/src/TournamentGenerator/index.php">
            <metrics loc="13" ncloc="2" classes="0" methods="0" coveredmethods="0" conditionals="0"
                     coveredconditionals="0" statements="0" coveredstatements="0" elements="0" coveredelements="0"/>
        </file>
        <metrics files="69" loc="9056" ncloc="5354" classes="44" methods="384" coveredmethods="372" conditionals="0"
                 coveredconditionals="0" statements="2026" coveredstatements="1998" elements="2410"
                 coveredelements="2370"/>
    </project>
</coverage>
