<?xml version="1.0" encoding="UTF-8"?>
<coverage generated="1566761629">
  <project timestamp="1566761629">
    <package name="TournamentGenerator">
      <file name="/Volumes/Heroyt-Disk/work/Moje/rozlosy/src/TournamentGenerator/Base.php">
        <class name="TournamentGenerator\Base" namespace="TournamentGenerator">
          <metrics complexity="7" methods="5" coveredmethods="5" conditionals="0" coveredconditionals="0" statements="10" coveredstatements="10" elements="15" coveredelements="15"/>
        </class>
        <line num="14" type="method" name="__toString" visibility="public" complexity="1" crap="1" count="62"/>
        <line num="15" type="stmt" count="62"/>
        <line num="18" type="method" name="setName" visibility="public" complexity="1" crap="1" count="157"/>
        <line num="19" type="stmt" count="157"/>
        <line num="20" type="stmt" count="157"/>
        <line num="21" type="method" name="getName" visibility="public" complexity="1" crap="1" count="17"/>
        <line num="22" type="stmt" count="17"/>
        <line num="24" type="method" name="setId" visibility="public" complexity="3" crap="3" count="157"/>
        <line num="25" type="stmt" count="157"/>
        <line num="26" type="stmt" count="4"/>
        <line num="27" type="stmt" count="4"/>
        <line num="29" type="stmt" count="157"/>
        <line num="30" type="stmt" count="157"/>
        <line num="31" type="method" name="getId" visibility="public" complexity="1" crap="1" count="122"/>
        <line num="32" type="stmt" count="122"/>
        <metrics loc="35" ncloc="32" classes="1" methods="5" coveredmethods="5" conditionals="0" coveredconditionals="0" statements="10" coveredstatements="10" elements="15" coveredelements="15"/>
      </file>
      <file name="/Volumes/Heroyt-Disk/work/Moje/rozlosy/src/TournamentGenerator/BlankTeam.php">
        <class name="TournamentGenerator\BlankTeam" namespace="TournamentGenerator">
          <metrics complexity="1" methods="1" coveredmethods="1" conditionals="0" coveredconditionals="0" statements="6" coveredstatements="6" elements="7" coveredelements="7"/>
        </class>
        <line num="14" type="method" name="__construct" visibility="public" complexity="1" crap="1" count="17"/>
        <line num="15" type="stmt" count="17"/>
        <line num="16" type="stmt" count="17"/>
        <line num="17" type="stmt" count="17"/>
        <line num="18" type="stmt" count="17"/>
        <line num="19" type="stmt" count="17"/>
        <line num="20" type="stmt" count="17"/>
        <metrics loc="21" ncloc="18" classes="1" methods="1" coveredmethods="1" conditionals="0" coveredconditionals="0" statements="6" coveredstatements="6" elements="7" coveredelements="7"/>
      </file>
      <file name="/Volumes/Heroyt-Disk/work/Moje/rozlosy/src/TournamentGenerator/Category.php">
        <class name="TournamentGenerator\Category" namespace="TournamentGenerator">
          <metrics complexity="30" methods="17" coveredmethods="17" conditionals="0" coveredconditionals="0" statements="60" coveredstatements="60" elements="77" coveredelements="77"/>
        </class>
        <line num="15" type="method" name="__construct" visibility="public" complexity="2" crap="2" count="25"/>
        <line num="16" type="stmt" count="25"/>
        <line num="17" type="stmt" count="25"/>
        <line num="18" type="stmt" count="25"/>
        <line num="20" type="method" name="addRound" visibility="public" complexity="2" crap="2" count="1"/>
        <line num="21" type="stmt" count="1"/>
        <line num="22" type="stmt" count="1"/>
        <line num="24" type="stmt" count="1"/>
        <line num="26" type="method" name="round" visibility="public" complexity="1" crap="1" count="15"/>
        <line num="27" type="stmt" count="15"/>
        <line num="28" type="stmt" count="15"/>
        <line num="29" type="stmt" count="15"/>
        <line num="31" type="method" name="getRounds" visibility="public" complexity="1" crap="1" count="18"/>
        <line num="32" type="stmt" count="18"/>
        <line num="34" type="method" name="getGroups" visibility="public" complexity="2" crap="2" count="15"/>
        <line num="35" type="stmt" count="15"/>
        <line num="36" type="stmt" count="15"/>
        <line num="37" type="stmt" count="12"/>
        <line num="39" type="stmt" count="15"/>
        <line num="42" type="method" name="allowSkip" visibility="public" complexity="1" crap="1" count="2"/>
        <line num="43" type="stmt" count="2"/>
        <line num="44" type="stmt" count="2"/>
        <line num="46" type="method" name="disallowSkip" visibility="public" complexity="1" crap="1" count="1"/>
        <line num="47" type="stmt" count="1"/>
        <line num="48" type="stmt" count="1"/>
        <line num="50" type="method" name="setSkip" visibility="public" complexity="1" crap="1" count="9"/>
        <line num="51" type="stmt" count="9"/>
        <line num="52" type="stmt" count="9"/>
        <line num="54" type="method" name="getSkip" visibility="public" complexity="1" crap="1" count="2"/>
        <line num="55" type="stmt" count="2"/>
        <line num="58" type="method" name="addTeam" visibility="public" complexity="2" crap="2" count="3"/>
        <line num="59" type="stmt" count="3"/>
        <line num="60" type="stmt" count="3"/>
        <line num="62" type="stmt" count="3"/>
        <line num="64" type="method" name="team" visibility="public" complexity="1" crap="1" count="8"/>
        <line num="65" type="stmt" count="8"/>
        <line num="66" type="stmt" count="8"/>
        <line num="67" type="stmt" count="8"/>
        <line num="69" type="method" name="getTeams" visibility="public" complexity="3" crap="3" count="15"/>
        <line num="70" type="stmt" count="15"/>
        <line num="71" type="stmt" count="15"/>
        <line num="72" type="stmt" count="12"/>
        <line num="74" type="stmt" count="15"/>
        <line num="75" type="stmt" count="15"/>
        <line num="76" type="stmt" count="15"/>
        <line num="79" type="stmt" count="15"/>
        <line num="80" type="stmt" count="15"/>
        <line num="82" type="stmt" count="15"/>
        <line num="84" type="method" name="sortTeams" visibility="public" complexity="2" crap="2" count="3"/>
        <line num="85" type="stmt" count="3"/>
        <line num="86" type="stmt" count="3"/>
        <line num="88" type="stmt" count="3"/>
        <line num="90" type="stmt" count="3"/>
        <line num="93" type="stmt" count="3"/>
        <line num="94" type="stmt" count="3"/>
        <line num="96" type="stmt" count="3"/>
        <line num="99" type="method" name="getGames" visibility="public" complexity="2" crap="2" count="2"/>
        <line num="100" type="stmt" count="2"/>
        <line num="101" type="stmt" count="2"/>
        <line num="102" type="stmt" count="2"/>
        <line num="104" type="stmt" count="2"/>
        <line num="107" type="method" name="splitTeams" visibility="public" complexity="6" crap="6" count="4"/>
        <line num="109" type="stmt" count="4"/>
        <line num="111" type="stmt" count="4"/>
        <line num="112" type="stmt" count="4"/>
        <line num="114" type="stmt" count="4"/>
        <line num="115" type="stmt" count="4"/>
        <line num="116" type="stmt" count="4"/>
        <line num="119" type="stmt" count="4"/>
        <line num="120" type="stmt" count="4"/>
        <line num="122" type="stmt" count="4"/>
        <line num="125" type="method" name="genGamesSimulate" visibility="public" complexity="1" crap="1" count="1"/>
        <line num="126" type="stmt" count="1"/>
        <line num="127" type="stmt" count="1"/>
        <line num="129" type="method" name="genGamesSimulateReal" visibility="public" complexity="1" crap="1" count="1"/>
        <line num="130" type="stmt" count="1"/>
        <line num="131" type="stmt" count="1"/>
        <metrics loc="133" ncloc="126" classes="1" methods="17" coveredmethods="17" conditionals="0" coveredconditionals="0" statements="60" coveredstatements="60" elements="77" coveredelements="77"/>
      </file>
      <file name="/Volumes/Heroyt-Disk/work/Moje/rozlosy/src/TournamentGenerator/Constants.php">
        <class name="TournamentGenerator\Constants" namespace="TournamentGenerator">
          <metrics complexity="0" methods="0" coveredmethods="0" conditionals="0" coveredconditionals="0" statements="0" coveredstatements="0" elements="0" coveredelements="0"/>
        </class>
        <metrics loc="40" ncloc="29" classes="0" methods="0" coveredmethods="0" conditionals="0" coveredconditionals="0" statements="0" coveredstatements="0" elements="0" coveredelements="0"/>
      </file>
      <file name="/Volumes/Heroyt-Disk/work/Moje/rozlosy/src/TournamentGenerator/Filter.php">
        <class name="TournamentGenerator\Filter" namespace="TournamentGenerator">
          <metrics complexity="33" methods="5" coveredmethods="5" conditionals="0" coveredconditionals="0" statements="54" coveredstatements="54" elements="59" coveredelements="59"/>
        </class>
        <line num="14" type="method" name="__construct" complexity="1" crap="1" count="100"/>
        <line num="16" type="stmt" count="100"/>
        <line num="17" type="stmt" count="100"/>
        <line num="27" type="method" name="filter" visibility="public" complexity="4" crap="4" count="100"/>
        <line num="28" type="stmt" count="100"/>
        <line num="29" type="stmt" count="29"/>
        <line num="30" type="stmt" count="9"/>
        <line num="31" type="stmt" count="4"/>
        <line num="33" type="stmt" count="20"/>
        <line num="35" type="stmt" count="19"/>
        <line num="37" type="stmt" count="1"/>
        <line num="39" type="stmt" count="94"/>
        <line num="42" type="method" name="filterMulti" visibility="private" complexity="7" crap="7" count="9"/>
        <line num="43" type="stmt" count="9"/>
        <line num="44" type="stmt" count="9"/>
        <line num="45" type="stmt" count="4"/>
        <line num="46" type="stmt" count="4"/>
        <line num="48" type="stmt" count="4"/>
        <line num="49" type="stmt" count="8"/>
        <line num="50" type="stmt" count="7"/>
        <line num="51" type="stmt" count="7"/>
        <line num="53" type="stmt" count="3"/>
        <line num="55" type="stmt" count="1"/>
        <line num="58" type="method" name="filterAnd" visibility="private" complexity="10" crap="10" count="6"/>
        <line num="59" type="stmt" count="6"/>
        <line num="60" type="stmt" count="6"/>
        <line num="61" type="stmt" count="6"/>
        <line num="62" type="stmt" count="6"/>
        <line num="63" type="stmt" count="6"/>
        <line num="64" type="stmt" count="5"/>
        <line num="65" type="stmt" count="4"/>
        <line num="66" type="stmt" count="6"/>
        <line num="67" type="stmt" count="5"/>
        <line num="68" type="stmt" count="5"/>
        <line num="70" type="stmt" count="1"/>
        <line num="72" type="stmt" count="5"/>
        <line num="74" type="stmt" count="4"/>
        <line num="75" type="stmt" count="3"/>
        <line num="76" type="stmt" count="3"/>
        <line num="78" type="stmt" count="1"/>
        <line num="80" type="stmt" count="4"/>
        <line num="82" type="method" name="filterOr" visibility="private" complexity="10" crap="10" count="8"/>
        <line num="83" type="stmt" count="8"/>
        <line num="84" type="stmt" count="8"/>
        <line num="85" type="stmt" count="8"/>
        <line num="86" type="stmt" count="7"/>
        <line num="87" type="stmt" count="7"/>
        <line num="88" type="stmt" count="5"/>
        <line num="89" type="stmt" count="3"/>
        <line num="90" type="stmt" count="7"/>
        <line num="91" type="stmt" count="6"/>
        <line num="92" type="stmt" count="5"/>
        <line num="94" type="stmt" count="1"/>
        <line num="96" type="stmt" count="5"/>
        <line num="98" type="stmt" count="7"/>
        <line num="99" type="stmt" count="6"/>
        <line num="100" type="stmt" count="6"/>
        <line num="102" type="stmt" count="1"/>
        <line num="104" type="stmt" count="6"/>
        <metrics loc="106" ncloc="95" classes="1" methods="5" coveredmethods="5" conditionals="0" coveredconditionals="0" statements="54" coveredstatements="54" elements="59" coveredelements="59"/>
      </file>
      <file name="/Volumes/Heroyt-Disk/work/Moje/rozlosy/src/TournamentGenerator/Game.php">
        <class name="TournamentGenerator\Game" namespace="TournamentGenerator">
          <metrics complexity="54" methods="17" coveredmethods="17" conditionals="0" coveredconditionals="0" statements="136" coveredstatements="136" elements="153" coveredelements="153"/>
        </class>
        <line num="20" type="method" name="__construct" complexity="7" crap="7" count="100"/>
        <line num="21" type="stmt" count="100"/>
        <line num="22" type="stmt" count="100"/>
        <line num="23" type="stmt" count="100"/>
        <line num="24" type="stmt" count="100"/>
        <line num="25" type="stmt" count="100"/>
        <line num="26" type="stmt" count="1"/>
        <line num="27" type="stmt" count="1"/>
        <line num="28" type="stmt" count="1"/>
        <line num="30" type="stmt" count="100"/>
        <line num="31" type="stmt" count="100"/>
        <line num="33" type="stmt" count="100"/>
        <line num="34" type="stmt" count="100"/>
        <line num="35" type="stmt" count="100"/>
        <line num="36" type="stmt" count="100"/>
        <line num="37" type="stmt" count="100"/>
        <line num="40" type="stmt" count="100"/>
        <line num="41" type="stmt" count="99"/>
        <line num="43" type="method" name="getGroup" visibility="public" complexity="1" crap="1" count="100"/>
        <line num="44" type="stmt" count="100"/>
        <line num="47" type="method" name="addTeam" visibility="public" complexity="7" crap="7" count="7"/>
        <line num="48" type="stmt" count="7"/>
        <line num="49" type="stmt" count="7"/>
        <line num="50" type="stmt" count="7"/>
        <line num="51" type="stmt" count="1"/>
        <line num="52" type="stmt" count="1"/>
        <line num="53" type="stmt" count="1"/>
        <line num="55" type="stmt" count="7"/>
        <line num="56" type="stmt" count="7"/>
        <line num="58" type="stmt" count="7"/>
        <line num="59" type="stmt" count="7"/>
        <line num="60" type="stmt" count="7"/>
        <line num="61" type="stmt" count="7"/>
        <line num="62" type="stmt" count="7"/>
        <line num="66" type="stmt" count="7"/>
        <line num="67" type="stmt" count="6"/>
        <line num="69" type="method" name="getTeams" visibility="public" complexity="1" crap="1" count="32"/>
        <line num="70" type="stmt" count="32"/>
        <line num="75" type="method" name="getTeam" visibility="public" complexity="2" crap="2" count="76"/>
        <line num="77" type="stmt" count="76"/>
        <line num="85" type="method" name="setResults" visibility="public" complexity="8" crap="8" count="75"/>
        <line num="86" type="stmt" count="75"/>
        <line num="87" type="stmt" count="75"/>
        <line num="88" type="stmt" count="75"/>
        <line num="89" type="stmt" count="75"/>
        <line num="90" type="stmt" count="75"/>
        <line num="91" type="stmt" count="75"/>
        <line num="92" type="stmt" count="74"/>
        <line num="93" type="stmt" count="74"/>
        <line num="94" type="stmt" count="73"/>
        <line num="95" type="stmt" count="73"/>
        <line num="97" type="stmt" count="73"/>
        <line num="98" type="stmt" count="63"/>
        <line num="99" type="stmt" count="63"/>
        <line num="100" type="stmt" count="10"/>
        <line num="101" type="stmt" count="1"/>
        <line num="102" type="stmt" count="1"/>
        <line num="103" type="stmt" count="9"/>
        <line num="104" type="stmt" count="9"/>
        <line num="105" type="stmt" count="9"/>
        <line num="107" type="stmt" count="73"/>
        <line num="108" type="stmt" count="73"/>
        <line num="110" type="stmt" count="73"/>
        <line num="112" type="method" name="setResults2" visibility="private" complexity="3" crap="3" count="63"/>
        <line num="114" type="stmt" count="15"/>
        <line num="115" type="stmt" count="15"/>
        <line num="116" type="stmt" count="15"/>
        <line num="118" type="stmt" count="61"/>
        <line num="119" type="stmt" count="61"/>
        <line num="120" type="stmt" count="61"/>
        <line num="121" type="stmt" count="61"/>
        <line num="124" type="stmt" count="61"/>
        <line num="125" type="stmt" count="61"/>
        <line num="126" type="stmt" count="61"/>
        <line num="128" type="stmt" count="63"/>
        <line num="130" type="method" name="setResults3" visibility="private" complexity="4" crap="4" count="1"/>
        <line num="132" type="stmt" count="1"/>
        <line num="133" type="stmt" count="1"/>
        <line num="134" type="stmt" count="1"/>
        <line num="135" type="stmt" count="1"/>
        <line num="136" type="stmt" count="1"/>
        <line num="137" type="stmt" count="1"/>
        <line num="138" type="stmt" count="1"/>
        <line num="139" type="stmt" count="1"/>
        <line num="140" type="stmt" count="1"/>
        <line num="141" type="stmt" count="1"/>
        <line num="142" type="stmt" count="1"/>
        <line num="143" type="stmt" count="1"/>
        <line num="144" type="stmt" count="1"/>
        <line num="145" type="stmt" count="1"/>
        <line num="146" type="stmt" count="1"/>
        <line num="148" type="stmt" count="1"/>
        <line num="150" type="method" name="setResults4" visibility="private" complexity="5" crap="5" count="9"/>
        <line num="152" type="stmt" count="9"/>
        <line num="153" type="stmt" count="9"/>
        <line num="154" type="stmt" count="9"/>
        <line num="155" type="stmt" count="9"/>
        <line num="156" type="stmt" count="9"/>
        <line num="157" type="stmt" count="9"/>
        <line num="158" type="stmt" count="9"/>
        <line num="159" type="stmt" count="9"/>
        <line num="160" type="stmt" count="9"/>
        <line num="161" type="stmt" count="9"/>
        <line num="162" type="stmt" count="9"/>
        <line num="163" type="stmt" count="9"/>
        <line num="164" type="stmt" count="9"/>
        <line num="165" type="stmt" count="9"/>
        <line num="166" type="stmt" count="9"/>
        <line num="167" type="stmt" count="9"/>
        <line num="168" type="stmt" count="9"/>
        <line num="169" type="stmt" count="9"/>
        <line num="170" type="stmt" count="9"/>
        <line num="171" type="stmt" count="9"/>
        <line num="173" type="stmt" count="9"/>
        <line num="175" type="method" name="getResults" visibility="public" complexity="1" crap="1" count="6"/>
        <line num="176" type="stmt" count="6"/>
        <line num="177" type="stmt" count="6"/>
        <line num="180" type="method" name="resetResults" visibility="public" complexity="7" crap="7" count="75"/>
        <line num="181" type="stmt" count="75"/>
        <line num="182" type="stmt" count="20"/>
        <line num="183" type="stmt" count="20"/>
        <line num="184" type="stmt" count="20"/>
        <line num="185" type="stmt" count="20"/>
        <line num="186" type="stmt" count="20"/>
        <line num="187" type="stmt" count="19"/>
        <line num="188" type="stmt" count="19"/>
        <line num="189" type="stmt" count="20"/>
        <line num="190" type="stmt" count="2"/>
        <line num="191" type="stmt" count="2"/>
        <line num="192" type="stmt" count="19"/>
        <line num="193" type="stmt" count="19"/>
        <line num="194" type="stmt" count="19"/>
        <line num="195" type="stmt" count="2"/>
        <line num="196" type="stmt" count="2"/>
        <line num="197" type="stmt" count="2"/>
        <line num="198" type="stmt" count="1"/>
        <line num="199" type="stmt" count="1"/>
        <line num="200" type="stmt" count="1"/>
        <line num="203" type="stmt" count="75"/>
        <line num="204" type="stmt" count="75"/>
        <line num="206" type="method" name="getWin" visibility="public" complexity="1" crap="1" count="2"/>
        <line num="207" type="stmt" count="2"/>
        <line num="209" type="method" name="getLoss" visibility="public" complexity="1" crap="1" count="2"/>
        <line num="210" type="stmt" count="2"/>
        <line num="212" type="method" name="getSecond" visibility="public" complexity="1" crap="1" count="1"/>
        <line num="213" type="stmt" count="1"/>
        <line num="215" type="method" name="getThird" visibility="public" complexity="1" crap="1" count="1"/>
        <line num="216" type="stmt" count="1"/>
        <line num="218" type="method" name="getDraw" visibility="public" complexity="1" crap="1" count="1"/>
        <line num="219" type="stmt" count="1"/>
        <line num="222" type="method" name="isPlayed" visibility="public" complexity="2" crap="2" count="28"/>
        <line num="223" type="stmt" count="28"/>
        <line num="224" type="stmt" count="26"/>
        <metrics loc="226" ncloc="217" classes="1" methods="17" coveredmethods="17" conditionals="0" coveredconditionals="0" statements="136" coveredstatements="136" elements="153" coveredelements="153"/>
      </file>
      <file name="/Volumes/Heroyt-Disk/work/Moje/rozlosy/src/TournamentGenerator/Group.php">
        <class name="TournamentGenerator\Group" namespace="TournamentGenerator">
          <metrics complexity="48" methods="33" coveredmethods="33" conditionals="0" coveredconditionals="0" statements="79" coveredstatements="79" elements="112" coveredelements="112"/>
        </class>
        <line num="25" type="method" name="__construct" complexity="2" crap="2" count="130"/>
        <line num="26" type="stmt" count="130"/>
        <line num="27" type="stmt" count="130"/>
        <line num="28" type="stmt" count="130"/>
        <line num="29" type="stmt" count="130"/>
        <line num="31" type="method" name="allowSkip" visibility="public" complexity="1" crap="1" count="1"/>
        <line num="32" type="stmt" count="1"/>
        <line num="33" type="stmt" count="1"/>
        <line num="35" type="method" name="disallowSkip" visibility="public" complexity="1" crap="1" count="1"/>
        <line num="36" type="stmt" count="1"/>
        <line num="37" type="stmt" count="1"/>
        <line num="39" type="method" name="setSkip" visibility="public" complexity="1" crap="1" count="51"/>
        <line num="40" type="stmt" count="51"/>
        <line num="41" type="stmt" count="51"/>
        <line num="43" type="method" name="getSkip" visibility="public" complexity="1" crap="1" count="2"/>
        <line num="44" type="stmt" count="2"/>
        <line num="47" type="method" name="addTeam" visibility="public" complexity="4" crap="4" count="61"/>
        <line num="48" type="stmt" count="61"/>
        <line num="49" type="stmt" count="61"/>
        <line num="50" type="stmt" count="25"/>
        <line num="51" type="stmt" count="25"/>
        <line num="53" type="stmt" count="25"/>
        <line num="55" type="stmt" count="46"/>
        <line num="57" type="stmt" count="61"/>
        <line num="59" type="method" name="setTeam" visibility="private" complexity="1" crap="1" count="61"/>
        <line num="60" type="stmt" count="61"/>
        <line num="61" type="stmt" count="61"/>
        <line num="62" type="stmt" count="61"/>
        <line num="64" type="method" name="getTeams" visibility="public" complexity="2" crap="2" count="89"/>
        <line num="65" type="stmt" count="89"/>
        <line num="67" type="stmt" count="89"/>
        <line num="70" type="stmt" count="89"/>
        <line num="71" type="stmt" count="89"/>
        <line num="73" type="stmt" count="83"/>
        <line num="75" type="method" name="team" visibility="public" complexity="1" crap="1" count="51"/>
        <line num="76" type="stmt" count="51"/>
        <line num="77" type="stmt" count="51"/>
        <line num="78" type="stmt" count="51"/>
        <line num="79" type="stmt" count="51"/>
        <line num="81" type="method" name="sortTeams" visibility="public" complexity="2" crap="2" count="39"/>
        <line num="82" type="stmt" count="39"/>
        <line num="83" type="stmt" count="39"/>
        <line num="84" type="stmt" count="39"/>
        <line num="87" type="method" name="setMaxSize" visibility="public" complexity="1" crap="1" count="7"/>
        <line num="88" type="stmt" count="7"/>
        <line num="89" type="stmt" count="7"/>
        <line num="91" type="method" name="getMaxSize" visibility="public" complexity="1" crap="1" count="1"/>
        <line num="92" type="stmt" count="1"/>
        <line num="95" type="method" name="setType" visibility="public" complexity="1" crap="1" count="41"/>
        <line num="96" type="stmt" count="41"/>
        <line num="97" type="stmt" count="41"/>
        <line num="99" type="method" name="getType" visibility="public" complexity="1" crap="1" count="1"/>
        <line num="100" type="stmt" count="1"/>
        <line num="103" type="method" name="setOrder" visibility="public" complexity="1" crap="1" count="4"/>
        <line num="104" type="stmt" count="4"/>
        <line num="105" type="stmt" count="4"/>
        <line num="107" type="method" name="getOrder" visibility="public" complexity="1" crap="1" count="41"/>
        <line num="108" type="stmt" count="41"/>
        <line num="111" type="method" name="setOrdering" visibility="public" complexity="2" crap="2" count="1"/>
        <line num="112" type="stmt" count="1"/>
        <line num="113" type="stmt" count="1"/>
        <line num="114" type="stmt" count="1"/>
        <line num="116" type="method" name="getOrdering" visibility="public" complexity="1" crap="1" count="1"/>
        <line num="117" type="stmt" count="1"/>
        <line num="120" type="method" name="setInGame" visibility="public" complexity="1" crap="1" count="53"/>
        <line num="121" type="stmt" count="53"/>
        <line num="122" type="stmt" count="53"/>
        <line num="124" type="method" name="getInGame" visibility="public" complexity="1" crap="1" count="76"/>
        <line num="125" type="stmt" count="76"/>
        <line num="128" type="method" name="addProgression" visibility="public" complexity="1" crap="1" count="1"/>
        <line num="129" type="stmt" count="1"/>
        <line num="130" type="stmt" count="1"/>
        <line num="132" type="method" name="progression" visibility="public" complexity="1" crap="1" count="33"/>
        <line num="133" type="stmt" count="33"/>
        <line num="134" type="stmt" count="33"/>
        <line num="135" type="stmt" count="33"/>
        <line num="137" type="method" name="progress" visibility="public" complexity="2" crap="2" count="33"/>
        <line num="138" type="stmt" count="33"/>
        <line num="139" type="stmt" count="33"/>
        <line num="141" type="stmt" count="33"/>
        <line num="142" type="method" name="addProgressed" visibility="public" complexity="2" crap="2" count="34"/>
        <line num="146" type="stmt" count="33"/>
        <line num="147" type="stmt" count="33"/>
        <line num="149" type="stmt" count="34"/>
        <line num="151" type="method" name="isProgressed" visibility="public" complexity="1" crap="1" count="7"/>
        <line num="152" type="stmt" count="7"/>
        <line num="155" type="method" name="genGames" visibility="public" complexity="1" crap="1" count="42"/>
        <line num="156" type="stmt" count="42"/>
        <line num="157" type="stmt" count="41"/>
        <line num="160" type="method" name="game" visibility="public" complexity="1" crap="1" count="48"/>
        <line num="161" type="stmt" count="48"/>
        <line num="162" type="stmt" count="48"/>
        <line num="163" type="stmt" count="48"/>
        <line num="165" type="method" name="addGame" visibility="public" complexity="2" crap="2" count="36"/>
        <line num="171" type="stmt" count="36"/>
        <line num="173" type="method" name="getGames" visibility="public" complexity="1" crap="1" count="46"/>
        <line num="174" type="stmt" count="46"/>
        <line num="176" type="method" name="orderGames" visibility="public" complexity="2" crap="2" count="29"/>
        <line num="177" type="stmt" count="29"/>
        <line num="178" type="stmt" count="23"/>
        <line num="179" type="stmt" count="23"/>
        <line num="182" type="method" name="simulate" visibility="public" complexity="1" crap="1" count="31"/>
        <line num="183" type="stmt" count="31"/>
        <line num="185" type="method" name="resetGames" visibility="public" complexity="2" crap="2" count="15"/>
        <line num="186" type="stmt" count="15"/>
        <line num="187" type="stmt" count="15"/>
        <line num="189" type="stmt" count="15"/>
        <line num="191" type="method" name="isPlayed" visibility="public" complexity="4" crap="4" count="31"/>
        <line num="192" type="stmt" count="31"/>
        <line num="193" type="stmt" count="28"/>
        <line num="194" type="stmt" count="28"/>
        <line num="196" type="stmt" count="19"/>
        <metrics loc="199" ncloc="170" classes="1" methods="33" coveredmethods="33" conditionals="0" coveredconditionals="0" statements="79" coveredstatements="79" elements="112" coveredelements="112"/>
      </file>
      <file name="/Volumes/Heroyt-Disk/work/Moje/rozlosy/src/TournamentGenerator/Progression.php">
        <class name="TournamentGenerator\Progression" namespace="TournamentGenerator">
          <metrics complexity="17" methods="6" coveredmethods="6" conditionals="0" coveredconditionals="0" statements="28" coveredstatements="28" elements="34" coveredelements="34"/>
        </class>
        <line num="18" type="method" name="__construct" visibility="public" complexity="1" crap="1" count="34"/>
        <line num="19" type="stmt" count="34"/>
        <line num="20" type="stmt" count="34"/>
        <line num="21" type="stmt" count="34"/>
        <line num="22" type="stmt" count="34"/>
        <line num="23" type="stmt" count="34"/>
        <line num="25" type="method" name="__toString" visibility="public" complexity="1" crap="1" count="17"/>
        <line num="26" type="stmt" count="17"/>
        <line num="29" type="method" name="setFilters" visibility="public" complexity="1" crap="1" count="1"/>
        <line num="30" type="stmt" count="1"/>
        <line num="31" type="stmt" count="1"/>
        <line num="33" type="method" name="addFilter" visibility="public" complexity="2" crap="2" count="7"/>
        <line num="34" type="stmt" count="7"/>
        <line num="35" type="stmt" count="7"/>
        <line num="37" type="stmt" count="7"/>
        <line num="40" type="method" name="progress" visibility="public" complexity="11" crap="11" count="33"/>
        <line num="41" type="stmt" count="33"/>
        <line num="42" type="stmt" count="33"/>
        <line num="43" type="stmt" count="16"/>
        <line num="45" type="stmt" count="33"/>
        <line num="46" type="stmt" count="5"/>
        <line num="48" type="stmt" count="33"/>
        <line num="50" type="stmt" count="33"/>
        <line num="51" type="stmt" count="33"/>
        <line num="52" type="stmt" count="17"/>
        <line num="53" type="stmt" count="17"/>
        <line num="55" type="stmt" count="16"/>
        <line num="58" type="stmt" count="33"/>
        <line num="59" type="stmt" count="33"/>
        <line num="60" type="stmt" count="33"/>
        <line num="61" type="stmt" count="33"/>
        <line num="63" type="method" name="reset" visibility="public" complexity="1" crap="1" count="1"/>
        <line num="64" type="stmt" count="1"/>
        <line num="65" type="stmt" count="1"/>
        <metrics loc="68" ncloc="65" classes="1" methods="6" coveredmethods="6" conditionals="0" coveredconditionals="0" statements="28" coveredstatements="28" elements="34" coveredelements="34"/>
      </file>
      <file name="/Volumes/Heroyt-Disk/work/Moje/rozlosy/src/TournamentGenerator/Round.php">
        <class name="TournamentGenerator\Round" namespace="TournamentGenerator">
          <metrics complexity="37" methods="21" coveredmethods="21" conditionals="0" coveredconditionals="0" statements="65" coveredstatements="65" elements="86" coveredelements="86"/>
        </class>
        <line num="16" type="method" name="__construct" complexity="2" crap="2" count="65"/>
        <line num="17" type="stmt" count="65"/>
        <line num="18" type="stmt" count="65"/>
        <line num="19" type="stmt" count="65"/>
        <line num="21" type="method" name="addGroup" visibility="public" complexity="2" crap="2" count="1"/>
        <line num="22" type="stmt" count="1"/>
        <line num="23" type="stmt" count="1"/>
        <line num="25" type="stmt" count="1"/>
        <line num="27" type="method" name="group" visibility="public" complexity="1" crap="1" count="50"/>
        <line num="28" type="stmt" count="50"/>
        <line num="29" type="stmt" count="50"/>
        <line num="30" type="stmt" count="50"/>
        <line num="32" type="method" name="getGroups" visibility="public" complexity="1" crap="1" count="52"/>
        <line num="33" type="stmt" count="52"/>
        <line num="34" type="stmt" count="52"/>
        <line num="36" type="method" name="getGroupsIds" visibility="public" complexity="1" crap="1" count="10"/>
        <line num="37" type="stmt" count="10"/>
        <line num="40" type="method" name="orderGroups" visibility="public" complexity="1" crap="1" count="54"/>
        <line num="42" type="stmt" count="40"/>
        <line num="43" type="stmt" count="54"/>
        <line num="44" type="stmt" count="54"/>
        <line num="47" type="method" name="allowSkip" visibility="public" complexity="1" crap="1" count="2"/>
        <line num="48" type="stmt" count="2"/>
        <line num="49" type="stmt" count="2"/>
        <line num="51" type="method" name="disallowSkip" visibility="public" complexity="1" crap="1" count="1"/>
        <line num="52" type="stmt" count="1"/>
        <line num="53" type="stmt" count="1"/>
        <line num="55" type="method" name="setSkip" visibility="public" complexity="1" crap="1" count="44"/>
        <line num="56" type="stmt" count="44"/>
        <line num="57" type="stmt" count="44"/>
        <line num="59" type="method" name="getSkip" visibility="public" complexity="1" crap="1" count="3"/>
        <line num="60" type="stmt" count="3"/>
        <line num="63" type="method" name="genGames" visibility="public" complexity="2" crap="2" count="26"/>
        <line num="64" type="stmt" count="26"/>
        <line num="65" type="stmt" count="26"/>
        <line num="66" type="stmt" count="25"/>
        <line num="68" type="stmt" count="25"/>
        <line num="70" type="method" name="getGames" visibility="public" complexity="1" crap="1" count="15"/>
        <line num="71" type="stmt" count="15"/>
        <line num="73" type="method" name="isPlayed" visibility="public" complexity="4" crap="4" count="1"/>
        <line num="74" type="stmt" count="1"/>
        <line num="75" type="stmt" count="1"/>
        <line num="76" type="stmt" count="1"/>
        <line num="78" type="stmt" count="1"/>
        <line num="81" type="method" name="addTeam" visibility="public" complexity="2" crap="2" count="32"/>
        <line num="82" type="stmt" count="32"/>
        <line num="83" type="stmt" count="32"/>
        <line num="85" type="stmt" count="32"/>
        <line num="87" type="method" name="team" visibility="public" complexity="1" crap="1" count="10"/>
        <line num="88" type="stmt" count="10"/>
        <line num="89" type="stmt" count="10"/>
        <line num="90" type="stmt" count="10"/>
        <line num="92" type="method" name="getTeams" visibility="public" complexity="4" crap="4" count="50"/>
        <line num="93" type="stmt" count="50"/>
        <line num="94" type="stmt" count="50"/>
        <line num="95" type="stmt" count="39"/>
        <line num="96" type="stmt" count="39"/>
        <line num="98" type="stmt" count="39"/>
        <line num="100" type="stmt" count="50"/>
        <line num="103" type="stmt" count="50"/>
        <line num="104" type="stmt" count="50"/>
        <line num="105" type="stmt" count="50"/>
        <line num="107" type="method" name="sortTeams" visibility="public" complexity="1" crap="1" count="9"/>
        <line num="108" type="stmt" count="9"/>
        <line num="111" type="stmt" count="9"/>
        <line num="112" type="stmt" count="9"/>
        <line num="114" type="stmt" count="9"/>
        <line num="117" type="method" name="splitTeams" visibility="public" complexity="5" crap="5" count="35"/>
        <line num="119" type="stmt" count="35"/>
        <line num="121" type="stmt" count="35"/>
        <line num="122" type="stmt" count="35"/>
        <line num="124" type="stmt" count="35"/>
        <line num="125" type="stmt" count="35"/>
        <line num="126" type="stmt" count="35"/>
        <line num="129" type="stmt" count="35"/>
        <line num="132" type="method" name="progress" visibility="public" complexity="2" crap="2" count="26"/>
        <line num="133" type="stmt" count="26"/>
        <line num="134" type="stmt" count="26"/>
        <line num="136" type="stmt" count="26"/>
        <line num="139" type="method" name="simulate" visibility="public" complexity="1" crap="1" count="27"/>
        <line num="140" type="stmt" count="27"/>
        <line num="141" type="stmt" count="27"/>
        <line num="143" type="method" name="resetGames" visibility="public" complexity="2" crap="2" count="14"/>
        <line num="144" type="stmt" count="14"/>
        <line num="145" type="stmt" count="14"/>
        <line num="147" type="stmt" count="14"/>
        <metrics loc="149" ncloc="142" classes="1" methods="21" coveredmethods="21" conditionals="0" coveredconditionals="0" statements="65" coveredstatements="65" elements="86" coveredelements="86"/>
      </file>
      <file name="/Volumes/Heroyt-Disk/work/Moje/rozlosy/src/TournamentGenerator/Team.php">
        <class name="TournamentGenerator\Team" namespace="TournamentGenerator">
          <metrics complexity="54" methods="24" coveredmethods="24" conditionals="0" coveredconditionals="0" statements="106" coveredstatements="106" elements="130" coveredelements="130"/>
        </class>
        <line num="33" type="method" name="__construct" complexity="2" crap="2" count="126"/>
        <line num="34" type="stmt" count="126"/>
        <line num="35" type="stmt" count="126"/>
        <line num="36" type="stmt" count="126"/>
        <line num="41" type="method" name="addGroupResults" visibility="public" complexity="1" crap="1" count="105"/>
        <line num="42" type="stmt" count="105"/>
        <line num="43" type="stmt" count="105"/>
        <line num="44" type="stmt" count="105"/>
        <line num="45" type="stmt" count="105"/>
        <line num="46" type="stmt" count="105"/>
        <line num="47" type="stmt" count="105"/>
        <line num="48" type="stmt" count="105"/>
        <line num="49" type="stmt" count="105"/>
        <line num="50" type="stmt" count="105"/>
        <line num="52" type="stmt" count="105"/>
        <line num="54" type="method" name="getGroupResults" visibility="public" complexity="3" crap="3" count="6"/>
        <line num="55" type="stmt" count="6"/>
        <line num="56" type="stmt" count="4"/>
        <line num="57" type="stmt" count="4"/>
        <line num="59" type="stmt" count="2"/>
        <line num="62" type="method" name="addGameWith" visibility="public" complexity="2" crap="2" count="100"/>
        <line num="63" type="stmt" count="100"/>
        <line num="64" type="stmt" count="100"/>
        <line num="65" type="stmt" count="100"/>
        <line num="67" type="method" name="getGameWith" visibility="public" complexity="6" crap="6" count="3"/>
        <line num="68" type="stmt" count="3"/>
        <line num="69" type="stmt" count="3"/>
        <line num="70" type="stmt" count="3"/>
        <line num="72" type="stmt" count="2"/>
        <line num="73" type="stmt" count="1"/>
        <line num="74" type="stmt" count="1"/>
        <line num="76" type="stmt" count="1"/>
        <line num="77" type="stmt" count="1"/>
        <line num="78" type="stmt" count="1"/>
        <line num="80" type="stmt" count="1"/>
        <line num="82" type="stmt" count="1"/>
        <line num="84" type="method" name="addGroup" visibility="public" complexity="2" crap="2" count="1"/>
        <line num="85" type="stmt" count="1"/>
        <line num="86" type="stmt" count="1"/>
        <line num="88" type="method" name="addGame" visibility="public" complexity="2" crap="2" count="100"/>
        <line num="89" type="stmt" count="100"/>
        <line num="90" type="stmt" count="100"/>
        <line num="91" type="stmt" count="100"/>
        <line num="92" type="stmt" count="100"/>
        <line num="94" type="method" name="getGames" visibility="public" complexity="5" crap="5" count="4"/>
        <line num="95" type="stmt" count="4"/>
        <line num="96" type="stmt" count="4"/>
        <line num="97" type="stmt" count="1"/>
        <line num="100" type="method" name="getSumPoints" visibility="public" complexity="1" crap="1" count="4"/>
        <line num="101" type="stmt" count="4"/>
        <line num="103" type="method" name="getSumScore" visibility="public" complexity="1" crap="1" count="5"/>
        <line num="104" type="stmt" count="5"/>
        <line num="107" type="method" name="addWin" visibility="public" complexity="2" crap="2" count="72"/>
        <line num="108" type="stmt" count="72"/>
        <line num="109" type="stmt" count="72"/>
        <line num="110" type="stmt" count="72"/>
        <line num="111" type="stmt" count="72"/>
        <line num="112" type="stmt" count="72"/>
        <line num="114" type="method" name="removeWin" visibility="public" complexity="2" crap="2" count="19"/>
        <line num="115" type="stmt" count="19"/>
        <line num="116" type="stmt" count="19"/>
        <line num="117" type="stmt" count="19"/>
        <line num="118" type="stmt" count="19"/>
        <line num="119" type="stmt" count="19"/>
        <line num="122" type="method" name="addDraw" visibility="public" complexity="2" crap="2" count="16"/>
        <line num="123" type="stmt" count="16"/>
        <line num="124" type="stmt" count="16"/>
        <line num="125" type="stmt" count="16"/>
        <line num="126" type="stmt" count="16"/>
        <line num="127" type="stmt" count="16"/>
        <line num="129" type="method" name="removeDraw" visibility="public" complexity="2" crap="2" count="2"/>
        <line num="130" type="stmt" count="2"/>
        <line num="131" type="stmt" count="2"/>
        <line num="132" type="stmt" count="2"/>
        <line num="133" type="stmt" count="2"/>
        <line num="134" type="stmt" count="2"/>
        <line num="137" type="method" name="addLoss" visibility="public" complexity="2" crap="2" count="72"/>
        <line num="138" type="stmt" count="72"/>
        <line num="139" type="stmt" count="72"/>
        <line num="140" type="stmt" count="72"/>
        <line num="141" type="stmt" count="72"/>
        <line num="142" type="stmt" count="72"/>
        <line num="144" type="method" name="removeLoss" visibility="public" complexity="2" crap="2" count="19"/>
        <line num="145" type="stmt" count="19"/>
        <line num="146" type="stmt" count="19"/>
        <line num="147" type="stmt" count="19"/>
        <line num="148" type="stmt" count="19"/>
        <line num="149" type="stmt" count="19"/>
        <line num="152" type="method" name="addSecond" visibility="public" complexity="2" crap="2" count="10"/>
        <line num="153" type="stmt" count="10"/>
        <line num="154" type="stmt" count="10"/>
        <line num="155" type="stmt" count="10"/>
        <line num="156" type="stmt" count="10"/>
        <line num="157" type="stmt" count="10"/>
        <line num="159" type="method" name="removeSecond" visibility="public" complexity="2" crap="2" count="2"/>
        <line num="160" type="stmt" count="2"/>
        <line num="161" type="stmt" count="2"/>
        <line num="162" type="stmt" count="2"/>
        <line num="163" type="stmt" count="2"/>
        <line num="164" type="stmt" count="2"/>
        <line num="167" type="method" name="addThird" visibility="public" complexity="2" crap="2" count="9"/>
        <line num="168" type="stmt" count="9"/>
        <line num="169" type="stmt" count="9"/>
        <line num="170" type="stmt" count="9"/>
        <line num="171" type="stmt" count="9"/>
        <line num="172" type="stmt" count="9"/>
        <line num="174" type="method" name="removeThird" visibility="public" complexity="2" crap="2" count="1"/>
        <line num="175" type="stmt" count="1"/>
        <line num="176" type="stmt" count="1"/>
        <line num="177" type="stmt" count="1"/>
        <line num="178" type="stmt" count="1"/>
        <line num="179" type="stmt" count="1"/>
        <line num="182" type="method" name="sumPoints" visibility="public" complexity="3" crap="3" count="44"/>
        <line num="183" type="stmt" count="44"/>
        <line num="184" type="stmt" count="44"/>
        <line num="185" type="stmt" count="44"/>
        <line num="186" type="stmt" count="44"/>
        <line num="188" type="stmt" count="44"/>
        <line num="190" type="method" name="sumScore" visibility="public" complexity="3" crap="3" count="30"/>
        <line num="191" type="stmt" count="30"/>
        <line num="192" type="stmt" count="30"/>
        <line num="193" type="stmt" count="30"/>
        <line num="194" type="stmt" count="30"/>
        <line num="196" type="stmt" count="30"/>
        <line num="199" type="method" name="addScore" visibility="public" complexity="1" crap="1" count="74"/>
        <line num="200" type="stmt" count="74"/>
        <line num="201" type="stmt" count="74"/>
        <line num="202" type="method" name="removeScore" visibility="public" complexity="1" crap="1" count="1"/>
        <line num="203" type="stmt" count="1"/>
        <line num="204" type="stmt" count="1"/>
        <metrics loc="205" ncloc="187" classes="1" methods="24" coveredmethods="24" conditionals="0" coveredconditionals="0" statements="106" coveredstatements="106" elements="130" coveredelements="130"/>
      </file>
      <file name="/Volumes/Heroyt-Disk/work/Moje/rozlosy/src/TournamentGenerator/TeamFilter.php">
        <class name="TournamentGenerator\TeamFilter" namespace="TournamentGenerator">
          <metrics complexity="23" methods="6" coveredmethods="6" conditionals="0" coveredconditionals="0" statements="18" coveredstatements="18" elements="24" coveredelements="24"/>
        </class>
        <line num="46" type="method" name="__construct" complexity="7" crap="7" count="37"/>
        <line num="47" type="stmt" count="37"/>
        <line num="48" type="stmt" count="36"/>
        <line num="49" type="stmt" count="36"/>
        <line num="50" type="stmt" count="36"/>
        <line num="51" type="stmt" count="36"/>
        <line num="52" type="stmt" count="36"/>
        <line num="54" type="stmt" count="36"/>
        <line num="55" type="method" name="__toString" visibility="public" complexity="3" crap="3" count="1"/>
        <line num="56" type="stmt" count="1"/>
        <line num="59" type="method" name="validate" visibility="public" complexity="7" crap="7" count="30"/>
        <line num="60" type="stmt" count="30"/>
        <line num="62" type="stmt" count="30"/>
        <line num="63" type="stmt" count="29"/>
        <line num="64" type="stmt" count="28"/>
        <line num="66" type="stmt" count="27"/>
        <line num="69" type="method" name="validateTeam" visibility="private" complexity="1" crap="1" count="6"/>
        <line num="70" type="stmt" count="6"/>
        <line num="72" type="method" name="validateProgressed" visibility="private" complexity="2" crap="2" count="4"/>
        <line num="73" type="stmt" count="4"/>
        <line num="74" type="stmt" count="4"/>
        <line num="76" type="method" name="validateCalc" visibility="private" complexity="3" crap="3" count="27"/>
        <line num="77" type="stmt" count="27"/>
        <line num="79" type="stmt" count="27"/>
        <metrics loc="83" ncloc="53" classes="1" methods="6" coveredmethods="6" conditionals="0" coveredconditionals="0" statements="18" coveredstatements="18" elements="24" coveredelements="24"/>
      </file>
      <file name="/Volumes/Heroyt-Disk/work/Moje/rozlosy/src/TournamentGenerator/Tournament.php">
        <class name="TournamentGenerator\Tournament" namespace="TournamentGenerator">
          <metrics complexity="50" methods="32" coveredmethods="32" conditionals="0" coveredconditionals="0" statements="93" coveredstatements="93" elements="125" coveredelements="125"/>
        </class>
        <line num="23" type="method" name="__construct" complexity="1" crap="1" count="45"/>
        <line num="24" type="stmt" count="45"/>
        <line num="25" type="stmt" count="45"/>
        <line num="26" type="method" name="__toString" visibility="public" complexity="1" crap="1" count="1"/>
        <line num="27" type="stmt" count="1"/>
        <line num="30" type="method" name="setName" visibility="public" complexity="1" crap="1" count="1"/>
        <line num="31" type="stmt" count="1"/>
        <line num="32" type="stmt" count="1"/>
        <line num="34" type="method" name="getName" visibility="public" complexity="1" crap="1" count="1"/>
        <line num="35" type="stmt" count="1"/>
        <line num="38" type="method" name="setPlay" visibility="public" complexity="1" crap="1" count="11"/>
        <line num="39" type="stmt" count="11"/>
        <line num="40" type="stmt" count="11"/>
        <line num="42" type="method" name="getPlay" visibility="public" complexity="1" crap="1" count="1"/>
        <line num="43" type="stmt" count="1"/>
        <line num="45" type="method" name="setGameWait" visibility="public" complexity="1" crap="1" count="11"/>
        <line num="46" type="stmt" count="11"/>
        <line num="47" type="stmt" count="11"/>
        <line num="49" type="method" name="getGameWait" visibility="public" complexity="1" crap="1" count="1"/>
        <line num="50" type="stmt" count="1"/>
        <line num="52" type="method" name="setRoundWait" visibility="public" complexity="1" crap="1" count="11"/>
        <line num="53" type="stmt" count="11"/>
        <line num="54" type="stmt" count="11"/>
        <line num="56" type="method" name="getRoundWait" visibility="public" complexity="1" crap="1" count="1"/>
        <line num="57" type="stmt" count="1"/>
        <line num="59" type="method" name="setCategoryWait" visibility="public" complexity="1" crap="1" count="5"/>
        <line num="60" type="stmt" count="5"/>
        <line num="61" type="stmt" count="5"/>
        <line num="63" type="method" name="getCategoryWait" visibility="public" complexity="1" crap="1" count="1"/>
        <line num="64" type="stmt" count="1"/>
        <line num="66" type="method" name="getTournamentTime" visibility="public" complexity="1" crap="1" count="5"/>
        <line num="67" type="stmt" count="5"/>
        <line num="68" type="stmt" count="5"/>
        <line num="71" type="method" name="allowSkip" visibility="public" complexity="1" crap="1" count="7"/>
        <line num="72" type="stmt" count="7"/>
        <line num="73" type="stmt" count="7"/>
        <line num="75" type="method" name="disallowSkip" visibility="public" complexity="1" crap="1" count="1"/>
        <line num="76" type="stmt" count="1"/>
        <line num="77" type="stmt" count="1"/>
        <line num="79" type="method" name="setSkip" visibility="public" complexity="1" crap="1" count="1"/>
        <line num="80" type="stmt" count="1"/>
        <line num="81" type="stmt" count="1"/>
        <line num="83" type="method" name="getSkip" visibility="public" complexity="1" crap="1" count="1"/>
        <line num="84" type="stmt" count="1"/>
        <line num="87" type="method" name="addCategory" visibility="public" complexity="2" crap="2" count="1"/>
        <line num="88" type="stmt" count="1"/>
        <line num="89" type="stmt" count="1"/>
        <line num="91" type="stmt" count="1"/>
        <line num="93" type="method" name="category" visibility="public" complexity="1" crap="1" count="8"/>
        <line num="94" type="stmt" count="8"/>
        <line num="95" type="stmt" count="8"/>
        <line num="96" type="stmt" count="8"/>
        <line num="98" type="method" name="getCategories" visibility="public" complexity="1" crap="1" count="19"/>
        <line num="99" type="stmt" count="19"/>
        <line num="102" type="method" name="addRound" visibility="public" complexity="2" crap="2" count="1"/>
        <line num="103" type="stmt" count="1"/>
        <line num="104" type="stmt" count="1"/>
        <line num="106" type="stmt" count="1"/>
        <line num="108" type="method" name="round" visibility="public" complexity="1" crap="1" count="29"/>
        <line num="109" type="stmt" count="29"/>
        <line num="110" type="stmt" count="29"/>
        <line num="111" type="stmt" count="29"/>
        <line num="113" type="method" name="getRounds" visibility="public" complexity="3" crap="3" count="35"/>
        <line num="114" type="stmt" count="35"/>
        <line num="115" type="stmt" count="6"/>
        <line num="116" type="stmt" count="6"/>
        <line num="117" type="stmt" count="6"/>
        <line num="119" type="stmt" count="6"/>
        <line num="121" type="stmt" count="29"/>
        <line num="123" type="method" name="getGroups" visibility="public" complexity="2" crap="2" count="32"/>
        <line num="124" type="stmt" count="32"/>
        <line num="125" type="stmt" count="32"/>
        <line num="126" type="stmt" count="30"/>
        <line num="128" type="stmt" count="32"/>
        <line num="131" type="method" name="addTeam" visibility="public" complexity="2" crap="2" count="2"/>
        <line num="132" type="stmt" count="2"/>
        <line num="133" type="stmt" count="2"/>
        <line num="135" type="stmt" count="2"/>
        <line num="137" type="method" name="team" visibility="public" complexity="1" crap="1" count="29"/>
        <line num="138" type="stmt" count="29"/>
        <line num="139" type="stmt" count="29"/>
        <line num="140" type="stmt" count="29"/>
        <line num="142" type="method" name="getTeams" visibility="public" complexity="4" crap="4" count="32"/>
        <line num="143" type="stmt" count="32"/>
        <line num="144" type="stmt" count="32"/>
        <line num="145" type="stmt" count="5"/>
        <line num="147" type="stmt" count="32"/>
        <line num="148" type="stmt" count="26"/>
        <line num="150" type="stmt" count="32"/>
        <line num="151" type="stmt" count="32"/>
        <line num="152" type="stmt" count="32"/>
        <line num="155" type="stmt" count="32"/>
        <line num="156" type="stmt" count="32"/>
        <line num="158" type="stmt" count="32"/>
        <line num="160" type="method" name="sortTeams" visibility="public" complexity="2" crap="2" count="3"/>
        <line num="161" type="stmt" count="3"/>
        <line num="162" type="stmt" count="3"/>
        <line num="164" type="stmt" count="3"/>
        <line num="166" type="stmt" count="3"/>
        <line num="169" type="stmt" count="3"/>
        <line num="170" type="stmt" count="3"/>
        <line num="172" type="stmt" count="3"/>
        <line num="175" type="method" name="getGames" visibility="public" complexity="2" crap="2" count="12"/>
        <line num="176" type="stmt" count="12"/>
        <line num="177" type="stmt" count="12"/>
        <line num="178" type="stmt" count="12"/>
        <line num="180" type="stmt" count="12"/>
        <line num="183" type="method" name="splitTeams" visibility="public" complexity="6" crap="6" count="25"/>
        <line num="185" type="stmt" count="25"/>
        <line num="187" type="stmt" count="25"/>
        <line num="188" type="stmt" count="25"/>
        <line num="190" type="stmt" count="25"/>
        <line num="191" type="stmt" count="25"/>
        <line num="192" type="stmt" count="25"/>
        <line num="195" type="stmt" count="25"/>
        <line num="196" type="stmt" count="25"/>
        <line num="198" type="stmt" count="25"/>
        <line num="201" type="method" name="genGamesSimulate" visibility="public" complexity="2" crap="2" count="13"/>
        <line num="202" type="stmt" count="13"/>
        <line num="204" type="stmt" count="12"/>
        <line num="205" type="stmt" count="10"/>
        <line num="207" type="method" name="genGamesSimulateReal" visibility="public" complexity="2" crap="2" count="4"/>
        <line num="208" type="stmt" count="4"/>
        <line num="210" type="stmt" count="4"/>
        <line num="211" type="stmt" count="2"/>
        <metrics loc="214" ncloc="207" classes="1" methods="32" coveredmethods="32" conditionals="0" coveredconditionals="0" statements="93" coveredstatements="93" elements="125" coveredelements="125"/>
      </file>
    </package>
    <package name="TournamentGenerator\Preset">
      <file name="/Volumes/Heroyt-Disk/work/Moje/rozlosy/src/TournamentGenerator/Preset/DoubleElimination.php">
        <class name="TournamentGenerator\Preset\DoubleElimination" namespace="TournamentGenerator\Preset">
          <metrics complexity="19" methods="4" coveredmethods="4" conditionals="0" coveredconditionals="0" statements="87" coveredstatements="87" elements="91" coveredelements="91"/>
        </class>
        <line num="11" type="method" name="generate" visibility="public" complexity="4" crap="4" count="2"/>
        <line num="12" type="stmt" count="2"/>
        <line num="14" type="stmt" count="2"/>
        <line num="16" type="stmt" count="2"/>
        <line num="20" type="stmt" count="2"/>
        <line num="21" type="stmt" count="2"/>
        <line num="23" type="stmt" count="2"/>
        <line num="25" type="stmt" count="2"/>
        <line num="27" type="stmt" count="2"/>
        <line num="29" type="stmt" count="2"/>
        <line num="30" type="stmt" count="2"/>
        <line num="31" type="stmt" count="2"/>
        <line num="32" type="stmt" count="2"/>
        <line num="34" type="stmt" count="2"/>
        <line num="35" type="stmt" count="2"/>
        <line num="36" type="stmt" count="2"/>
        <line num="37" type="stmt" count="2"/>
        <line num="38" type="stmt" count="2"/>
        <line num="42" type="stmt" count="2"/>
        <line num="44" type="stmt" count="2"/>
        <line num="45" type="stmt" count="2"/>
        <line num="46" type="stmt" count="2"/>
        <line num="47" type="stmt" count="2"/>
        <line num="52" type="stmt" count="2"/>
        <line num="53" type="stmt" count="2"/>
        <line num="55" type="stmt" count="2"/>
        <line num="56" type="stmt" count="2"/>
        <line num="60" type="stmt" count="2"/>
        <line num="61" type="stmt" count="2"/>
        <line num="62" type="stmt" count="2"/>
        <line num="63" type="stmt" count="2"/>
        <line num="64" type="stmt" count="2"/>
        <line num="67" type="stmt" count="2"/>
        <line num="68" type="stmt" count="2"/>
        <line num="69" type="stmt" count="2"/>
        <line num="71" type="stmt" count="2"/>
        <line num="75" type="method" name="calcByes" visibility="private" complexity="2" crap="2" count="2"/>
        <line num="76" type="stmt" count="2"/>
        <line num="77" type="stmt" count="2"/>
        <line num="78" type="stmt" count="2"/>
        <line num="79" type="stmt" count="1"/>
        <line num="80" type="stmt" count="1"/>
        <line num="82" type="stmt" count="2"/>
        <line num="84" type="method" name="generateWinSide" visibility="private" complexity="2" crap="2" count="2"/>
        <line num="85" type="stmt" count="2"/>
        <line num="86" type="stmt" count="2"/>
        <line num="87" type="stmt" count="2"/>
        <line num="88" type="stmt" count="2"/>
        <line num="89" type="stmt" count="2"/>
        <line num="90" type="stmt" count="2"/>
        <line num="91" type="stmt" count="2"/>
        <line num="92" type="stmt" count="2"/>
        <line num="93" type="stmt" count="2"/>
        <line num="95" type="stmt" count="2"/>
        <line num="97" type="method" name="generateLosingSide" visibility="private" complexity="11" crap="11" count="2"/>
        <line num="98" type="stmt" count="2"/>
        <line num="99" type="stmt" count="2"/>
        <line num="100" type="stmt" count="2"/>
        <line num="101" type="stmt" count="2"/>
        <line num="102" type="stmt" count="2"/>
        <line num="103" type="stmt" count="2"/>
        <line num="104" type="stmt" count="2"/>
        <line num="105" type="stmt" count="2"/>
        <line num="106" type="stmt" count="2"/>
        <line num="107" type="stmt" count="2"/>
        <line num="108" type="stmt" count="2"/>
        <line num="109" type="stmt" count="2"/>
        <line num="111" type="stmt" count="2"/>
        <line num="112" type="stmt" count="2"/>
        <line num="113" type="stmt" count="2"/>
        <line num="114" type="stmt" count="2"/>
        <line num="120" type="stmt" count="2"/>
        <line num="121" type="stmt" count="2"/>
        <line num="122" type="stmt" count="2"/>
        <line num="123" type="stmt" count="2"/>
        <line num="124" type="stmt" count="2"/>
        <line num="125" type="stmt" count="2"/>
        <line num="127" type="stmt" count="2"/>
        <line num="128" type="stmt" count="2"/>
        <line num="129" type="stmt" count="2"/>
        <line num="130" type="stmt" count="2"/>
        <line num="131" type="stmt" count="2"/>
        <line num="132" type="stmt" count="2"/>
        <line num="133" type="stmt" count="2"/>
        <line num="134" type="stmt" count="2"/>
        <line num="135" type="stmt" count="2"/>
        <line num="136" type="stmt" count="2"/>
        <line num="139" type="stmt" count="2"/>
        <line num="140" type="stmt" count="2"/>
        <line num="141" type="stmt" count="2"/>
        <line num="145" type="stmt" count="2"/>
        <metrics loc="148" ncloc="97" classes="1" methods="4" coveredmethods="4" conditionals="0" coveredconditionals="0" statements="87" coveredstatements="87" elements="91" coveredelements="91"/>
      </file>
      <file name="/Volumes/Heroyt-Disk/work/Moje/rozlosy/src/TournamentGenerator/Preset/R2G.php">
        <class name="TournamentGenerator\Preset\R2G" namespace="TournamentGenerator\Preset">
          <metrics complexity="3" methods="1" coveredmethods="1" conditionals="0" coveredconditionals="0" statements="32" coveredstatements="32" elements="33" coveredelements="33"/>
        </class>
        <line num="11" type="method" name="generate" visibility="public" complexity="3" crap="3" count="3"/>
        <line num="13" type="stmt" count="3"/>
        <line num="16" type="stmt" count="3"/>
        <line num="17" type="stmt" count="3"/>
        <line num="18" type="stmt" count="3"/>
        <line num="20" type="stmt" count="3"/>
        <line num="21" type="stmt" count="3"/>
        <line num="22" type="stmt" count="3"/>
        <line num="23" type="stmt" count="3"/>
        <line num="24" type="stmt" count="3"/>
        <line num="25" type="stmt" count="3"/>
        <line num="27" type="stmt" count="3"/>
        <line num="28" type="stmt" count="3"/>
        <line num="29" type="stmt" count="3"/>
        <line num="31" type="stmt" count="3"/>
        <line num="33" type="stmt" count="3"/>
        <line num="34" type="stmt" count="1"/>
        <line num="36" type="stmt" count="1"/>
        <line num="37" type="stmt" count="1"/>
        <line num="38" type="stmt" count="1"/>
        <line num="39" type="stmt" count="1"/>
        <line num="40" type="stmt" count="1"/>
        <line num="41" type="stmt" count="1"/>
        <line num="42" type="stmt" count="1"/>
        <line num="43" type="stmt" count="1"/>
        <line num="44" type="stmt" count="1"/>
        <line num="47" type="stmt" count="3"/>
        <line num="48" type="stmt" count="3"/>
        <line num="49" type="stmt" count="3"/>
        <line num="50" type="stmt" count="3"/>
        <line num="51" type="stmt" count="3"/>
        <line num="52" type="stmt" count="3"/>
        <line num="54" type="stmt" count="3"/>
        <metrics loc="58" ncloc="51" classes="1" methods="1" coveredmethods="1" conditionals="0" coveredconditionals="0" statements="32" coveredstatements="32" elements="33" coveredelements="33"/>
      </file>
      <file name="/Volumes/Heroyt-Disk/work/Moje/rozlosy/src/TournamentGenerator/Preset/SingleElimination.php">
        <class name="TournamentGenerator\Preset\SingleElimination" namespace="TournamentGenerator\Preset">
          <metrics complexity="5" methods="1" coveredmethods="1" conditionals="0" coveredconditionals="0" statements="23" coveredstatements="23" elements="24" coveredelements="24"/>
        </class>
        <line num="11" type="method" name="generate" visibility="public" complexity="5" crap="5" count="2"/>
        <line num="13" type="stmt" count="2"/>
        <line num="15" type="stmt" count="2"/>
        <line num="18" type="stmt" count="2"/>
        <line num="19" type="stmt" count="2"/>
        <line num="20" type="stmt" count="1"/>
        <line num="21" type="stmt" count="1"/>
        <line num="24" type="stmt" count="2"/>
        <line num="26" type="stmt" count="2"/>
        <line num="28" type="stmt" count="2"/>
        <line num="30" type="stmt" count="2"/>
        <line num="31" type="stmt" count="2"/>
        <line num="32" type="stmt" count="2"/>
        <line num="35" type="stmt" count="2"/>
        <line num="37" type="stmt" count="2"/>
        <line num="38" type="stmt" count="2"/>
        <line num="39" type="stmt" count="2"/>
        <line num="40" type="stmt" count="2"/>
        <line num="41" type="stmt" count="2"/>
        <line num="42" type="stmt" count="2"/>
        <line num="43" type="stmt" count="2"/>
        <line num="44" type="stmt" count="2"/>
        <line num="46" type="stmt" count="2"/>
        <line num="49" type="stmt" count="2"/>
        <metrics loc="53" ncloc="42" classes="1" methods="1" coveredmethods="1" conditionals="0" coveredconditionals="0" statements="23" coveredstatements="23" elements="24" coveredelements="24"/>
      </file>
    </package>
    <package name="TournamentGenerator\Utilis">
      <file name="/Volumes/Heroyt-Disk/work/Moje/rozlosy/src/TournamentGenerator/Utilis/FilterComparator.php">
        <class name="TournamentGenerator\Utilis\FilterComparator" namespace="TournamentGenerator\Utilis">
          <metrics complexity="37" methods="6" coveredmethods="6" conditionals="0" coveredconditionals="0" statements="47" coveredstatements="47" elements="53" coveredelements="53"/>
        </class>
        <line num="14" type="method" name="compare" visibility="public" complexity="7" crap="7" count="27"/>
        <line num="16" type="stmt" count="27"/>
        <line num="17" type="stmt" count="27"/>
        <line num="19" type="stmt" count="27"/>
        <line num="21" type="stmt" count="27"/>
        <line num="23" type="stmt" count="27"/>
        <line num="24" type="stmt" count="27"/>
        <line num="25" type="stmt" count="26"/>
        <line num="26" type="stmt" count="26"/>
        <line num="27" type="stmt" count="23"/>
        <line num="28" type="stmt" count="23"/>
        <line num="29" type="stmt" count="13"/>
        <line num="31" type="stmt" count="27"/>
        <line num="34" type="method" name="calcComparationValue" visibility="private" complexity="5" crap="5" count="27"/>
        <line num="35" type="stmt" count="27"/>
        <line num="36" type="stmt" count="27"/>
        <line num="37" type="stmt" count="27"/>
        <line num="38" type="stmt" count="5"/>
        <line num="39" type="stmt" count="4"/>
        <line num="40" type="stmt" count="2"/>
        <line num="42" type="stmt" count="27"/>
        <line num="45" type="method" name="calcAvg" visibility="private" complexity="2" crap="2" count="1"/>
        <line num="46" type="stmt" count="1"/>
        <line num="47" type="stmt" count="1"/>
        <line num="48" type="stmt" count="1"/>
        <line num="50" type="stmt" count="1"/>
        <line num="52" type="method" name="calcSum" visibility="private" complexity="3" crap="3" count="23"/>
        <line num="53" type="stmt" count="23"/>
        <line num="54" type="stmt" count="23"/>
        <line num="55" type="stmt" count="23"/>
        <line num="57" type="stmt" count="23"/>
        <line num="59" type="method" name="calcMax" visibility="private" complexity="10" crap="10" count="2"/>
        <line num="60" type="stmt" count="2"/>
        <line num="61" type="stmt" count="2"/>
        <line num="62" type="stmt" count="1"/>
        <line num="63" type="stmt" count="1"/>
        <line num="64" type="stmt" count="1"/>
        <line num="65" type="stmt" count="1"/>
        <line num="67" type="stmt" count="1"/>
        <line num="69" type="stmt" count="1"/>
        <line num="70" type="stmt" count="1"/>
        <line num="72" type="stmt" count="1"/>
        <line num="74" type="method" name="calcMin" visibility="private" complexity="10" crap="10" count="2"/>
        <line num="75" type="stmt" count="2"/>
        <line num="76" type="stmt" count="2"/>
        <line num="77" type="stmt" count="1"/>
        <line num="78" type="stmt" count="1"/>
        <line num="79" type="stmt" count="1"/>
        <line num="80" type="stmt" count="1"/>
        <line num="82" type="stmt" count="1"/>
        <line num="84" type="stmt" count="1"/>
        <line num="85" type="stmt" count="1"/>
        <line num="87" type="stmt" count="1"/>
        <metrics loc="89" ncloc="86" classes="1" methods="6" coveredmethods="6" conditionals="0" coveredconditionals="0" statements="47" coveredstatements="47" elements="53" coveredelements="53"/>
      </file>
      <file name="/Volumes/Heroyt-Disk/work/Moje/rozlosy/src/TournamentGenerator/Utilis/Generator.php">
        <class name="TournamentGenerator\Utilis\Generator" namespace="TournamentGenerator\Utilis">
          <metrics complexity="55" methods="21" coveredmethods="21" conditionals="0" coveredconditionals="0" statements="105" coveredstatements="105" elements="126" coveredelements="126"/>
        </class>
        <line num="17" type="method" name="__construct" complexity="1" crap="1" count="130"/>
        <line num="18" type="stmt" count="130"/>
        <line num="19" type="stmt" count="130"/>
        <line num="21" type="method" name="allowSkip" visibility="public" complexity="1" crap="1" count="1"/>
        <line num="22" type="stmt" count="1"/>
        <line num="23" type="stmt" count="1"/>
        <line num="25" type="method" name="disallowSkip" visibility="public" complexity="1" crap="1" count="1"/>
        <line num="26" type="stmt" count="1"/>
        <line num="27" type="stmt" count="1"/>
        <line num="29" type="method" name="setSkip" visibility="public" complexity="1" crap="1" count="51"/>
        <line num="30" type="stmt" count="51"/>
        <line num="31" type="stmt" count="51"/>
        <line num="33" type="method" name="getSkip" visibility="public" complexity="1" crap="1" count="2"/>
        <line num="34" type="stmt" count="2"/>
        <line num="38" type="method" name="setType" visibility="public" complexity="2" crap="2" count="41"/>
        <line num="39" type="stmt" count="41"/>
        <line num="40" type="stmt" count="1"/>
        <line num="41" type="stmt" count="41"/>
        <line num="43" type="method" name="getType" visibility="public" complexity="1" crap="1" count="1"/>
        <line num="44" type="stmt" count="1"/>
        <line num="47" type="method" name="setInGame" visibility="public" complexity="3" crap="3" count="53"/>
        <line num="48" type="stmt" count="53"/>
        <line num="49" type="stmt" count="53"/>
        <line num="50" type="stmt" count="53"/>
        <line num="52" type="method" name="getInGame" visibility="public" complexity="1" crap="1" count="76"/>
        <line num="53" type="stmt" count="76"/>
        <line num="56" type="method" name="setMaxSize" visibility="public" complexity="2" crap="2" count="7"/>
        <line num="57" type="stmt" count="7"/>
        <line num="58" type="stmt" count="7"/>
        <line num="59" type="stmt" count="7"/>
        <line num="61" type="method" name="getMaxSize" visibility="public" complexity="1" crap="1" count="1"/>
        <line num="62" type="stmt" count="1"/>
        <line num="65" type="method" name="genGames" visibility="public" complexity="4" crap="4" count="42"/>
        <line num="66" type="stmt" count="42"/>
        <line num="68" type="stmt" count="32"/>
        <line num="69" type="stmt" count="32"/>
        <line num="71" type="stmt" count="9"/>
        <line num="72" type="stmt" count="8"/>
        <line num="74" type="stmt" count="5"/>
        <line num="75" type="stmt" count="5"/>
        <line num="77" type="stmt" count="41"/>
        <line num="79" type="method" name="r_rGames" visibility="private" complexity="5" crap="5" count="35"/>
        <line num="80" type="stmt" count="35"/>
        <line num="81" type="stmt" count="35"/>
        <line num="82" type="stmt" count="35"/>
        <line num="83" type="stmt" count="35"/>
        <line num="84" type="stmt" count="30"/>
        <line num="85" type="stmt" count="30"/>
        <line num="86" type="stmt" count="5"/>
        <line num="87" type="stmt" count="2"/>
        <line num="88" type="stmt" count="2"/>
        <line num="89" type="stmt" count="3"/>
        <line num="90" type="stmt" count="3"/>
        <line num="91" type="stmt" count="3"/>
        <line num="93" type="stmt" count="35"/>
        <line num="95" type="method" name="r_r3Games" visibility="private" complexity="4" crap="4" count="5"/>
        <line num="96" type="stmt" count="5"/>
        <line num="97" type="stmt" count="5"/>
        <line num="98" type="stmt" count="5"/>
        <line num="99" type="stmt" count="5"/>
        <line num="100" type="stmt" count="5"/>
        <line num="101" type="stmt" count="5"/>
        <line num="102" type="stmt" count="5"/>
        <line num="104" type="stmt" count="5"/>
        <line num="106" type="stmt" count="5"/>
        <line num="108" type="method" name="r_r4Games" visibility="private" complexity="2" crap="2" count="3"/>
        <line num="109" type="stmt" count="3"/>
        <line num="110" type="stmt" count="3"/>
        <line num="111" type="stmt" count="3"/>
        <line num="112" type="stmt" count="3"/>
        <line num="113" type="stmt" count="3"/>
        <line num="115" type="stmt" count="3"/>
        <line num="116" type="stmt" count="3"/>
        <line num="118" type="method" name="two_twoGames" visibility="private" complexity="8" crap="8" count="9"/>
        <line num="119" type="stmt" count="9"/>
        <line num="120" type="stmt" count="9"/>
        <line num="121" type="stmt" count="9"/>
        <line num="122" type="stmt" count="9"/>
        <line num="123" type="stmt" count="9"/>
        <line num="125" type="stmt" count="9"/>
        <line num="126" type="stmt" count="9"/>
        <line num="127" type="stmt" count="9"/>
        <line num="128" type="stmt" count="9"/>
        <line num="131" type="stmt" count="9"/>
        <line num="133" type="stmt" count="8"/>
        <line num="135" type="method" name="cond_splitGames" visibility="private" complexity="8" crap="8" count="5"/>
        <line num="136" type="stmt" count="5"/>
        <line num="137" type="stmt" count="5"/>
        <line num="139" type="stmt" count="5"/>
        <line num="140" type="stmt" count="3"/>
        <line num="141" type="stmt" count="3"/>
        <line num="142" type="stmt" count="3"/>
        <line num="143" type="stmt" count="3"/>
        <line num="144" type="stmt" count="3"/>
        <line num="145" type="stmt" count="3"/>
        <line num="146" type="stmt" count="3"/>
        <line num="147" type="stmt" count="3"/>
        <line num="148" type="stmt" count="3"/>
        <line num="151" type="stmt" count="3"/>
        <line num="153" type="stmt" count="2"/>
        <line num="155" type="stmt" count="2"/>
        <line num="158" type="method" name="orderGames" visibility="public" complexity="1" crap="1" count="23"/>
        <line num="159" type="stmt" count="23"/>
        <line num="161" type="stmt" count="23"/>
        <line num="165" type="method" name="circle_genGames2" visibility="public" complexity="3" crap="3" count="35"/>
        <line num="166" type="stmt" count="35"/>
        <line num="168" type="stmt" count="35"/>
        <line num="170" type="stmt" count="35"/>
        <line num="172" type="stmt" count="35"/>
        <line num="173" type="stmt" count="35"/>
        <line num="175" type="stmt" count="35"/>
        <line num="178" type="stmt" count="35"/>
        <line num="182" type="method" name="circle_saveBracket" visibility="public" complexity="4" crap="4" count="35"/>
        <line num="184" type="stmt" count="35"/>
        <line num="186" type="stmt" count="35"/>
        <line num="188" type="stmt" count="35"/>
        <line num="189" type="stmt" count="35"/>
        <line num="190" type="stmt" count="35"/>
        <line num="192" type="stmt" count="35"/>
        <line num="194" type="stmt" count="35"/>
        <line num="198" type="stmt" count="35"/>
        <line num="202" type="method" name="circle_rotateBracket" visibility="public" complexity="1" crap="1" count="35"/>
        <line num="204" type="stmt" count="35"/>
        <line num="205" type="stmt" count="35"/>
        <line num="207" type="stmt" count="35"/>
        <line num="209" type="stmt" count="35"/>
        <metrics loc="213" ncloc="172" classes="1" methods="21" coveredmethods="21" conditionals="0" coveredconditionals="0" statements="105" coveredstatements="105" elements="126" coveredelements="126"/>
      </file>
      <file name="/Volumes/Heroyt-Disk/work/Moje/rozlosy/src/TournamentGenerator/Utilis/Simulator.php">
        <class name="TournamentGenerator\Utilis\Simulator" namespace="TournamentGenerator\Utilis">
          <metrics complexity="24" methods="6" coveredmethods="6" conditionals="0" coveredconditionals="0" statements="45" coveredstatements="45" elements="51" coveredelements="51"/>
        </class>
        <line num="11" type="method" name="simulateGroup" visibility="public" complexity="5" crap="5" count="31"/>
        <line num="12" type="stmt" count="31"/>
        <line num="13" type="stmt" count="28"/>
        <line num="14" type="stmt" count="28"/>
        <line num="15" type="stmt" count="28"/>
        <line num="16" type="stmt" count="28"/>
        <line num="18" type="stmt" count="28"/>
        <line num="20" type="stmt" count="31"/>
        <line num="21" type="stmt" count="31"/>
        <line num="22" type="stmt" count="5"/>
        <line num="23" type="stmt" count="1"/>
        <line num="25" type="stmt" count="5"/>
        <line num="28" type="method" name="simulateRound" visibility="public" complexity="3" crap="3" count="27"/>
        <line num="29" type="stmt" count="27"/>
        <line num="30" type="stmt" count="27"/>
        <line num="31" type="stmt" count="27"/>
        <line num="33" type="stmt" count="27"/>
        <line num="36" type="method" name="simulateTournament" visibility="public" complexity="5" crap="5" count="13"/>
        <line num="37" type="stmt" count="13"/>
        <line num="39" type="stmt" count="13"/>
        <line num="41" type="stmt" count="13"/>
        <line num="42" type="stmt" count="13"/>
        <line num="43" type="stmt" count="12"/>
        <line num="45" type="stmt" count="12"/>
        <line num="46" type="stmt" count="12"/>
        <line num="49" type="stmt" count="12"/>
        <line num="52" type="method" name="simulateTournamentReal" visibility="public" complexity="4" crap="4" count="4"/>
        <line num="53" type="stmt" count="4"/>
        <line num="54" type="stmt" count="4"/>
        <line num="56" type="stmt" count="4"/>
        <line num="57" type="stmt" count="4"/>
        <line num="58" type="stmt" count="4"/>
        <line num="59" type="stmt" count="4"/>
        <line num="61" type="stmt" count="4"/>
        <line num="64" type="method" name="simulateCategory" visibility="public" complexity="4" crap="4" count="1"/>
        <line num="65" type="stmt" count="1"/>
        <line num="67" type="stmt" count="1"/>
        <line num="69" type="stmt" count="1"/>
        <line num="70" type="stmt" count="1"/>
        <line num="71" type="stmt" count="1"/>
        <line num="73" type="stmt" count="1"/>
        <line num="74" type="stmt" count="1"/>
        <line num="77" type="stmt" count="1"/>
        <line num="80" type="method" name="simulateCategoryReal" visibility="public" complexity="3" crap="3" count="1"/>
        <line num="81" type="stmt" count="1"/>
        <line num="82" type="stmt" count="1"/>
        <line num="84" type="stmt" count="1"/>
        <line num="85" type="stmt" count="1"/>
        <line num="86" type="stmt" count="1"/>
        <line num="87" type="stmt" count="1"/>
        <line num="89" type="stmt" count="1"/>
        <metrics loc="92" ncloc="89" classes="1" methods="6" coveredmethods="6" conditionals="0" coveredconditionals="0" statements="45" coveredstatements="45" elements="51" coveredelements="51"/>
      </file>
    </package>
    <package name="TournamentGenerator\Utilis\Sorter">
      <file name="/Volumes/Heroyt-Disk/work/Moje/rozlosy/src/TournamentGenerator/Utilis/Sorter/Games.php">
        <class name="TournamentGenerator\Utilis\Sorter\Games" namespace="TournamentGenerator\Utilis\Sorter">
          <metrics complexity="38" methods="9" coveredmethods="9" conditionals="0" coveredconditionals="0" statements="74" coveredstatements="74" elements="83" coveredelements="83"/>
        </class>
        <line num="27" type="method" name="__construct" complexity="1" crap="1" count="23"/>
        <line num="28" type="stmt" count="23"/>
        <line num="29" type="stmt" count="23"/>
        <line num="35" type="method" name="orderGames" visibility="public" complexity="9" crap="9" count="23"/>
        <line num="37" type="stmt" count="23"/>
        <line num="39" type="stmt" count="23"/>
        <line num="41" type="stmt" count="23"/>
        <line num="43" type="stmt" count="23"/>
        <line num="44" type="stmt" count="23"/>
        <line num="46" type="stmt" count="23"/>
        <line num="48" type="stmt" count="23"/>
        <line num="51" type="stmt" count="23"/>
        <line num="55" type="stmt" count="23"/>
        <line num="60" type="stmt" count="3"/>
        <line num="64" type="stmt" count="3"/>
        <line num="68" type="stmt" count="2"/>
        <line num="72" type="stmt" count="2"/>
        <line num="75" type="stmt" count="23"/>
        <line num="79" type="method" name="cycle1" visibility="private" complexity="3" crap="3" count="23"/>
        <line num="80" type="stmt" count="23"/>
        <line num="81" type="stmt" count="23"/>
        <line num="82" type="stmt" count="23"/>
        <line num="83" type="stmt" count="23"/>
        <line num="84" type="stmt" count="23"/>
        <line num="85" type="stmt" count="23"/>
        <line num="86" type="stmt" count="23"/>
        <line num="89" type="stmt" count="23"/>
        <line num="92" type="method" name="cycle2" visibility="private" complexity="3" crap="3" count="23"/>
        <line num="93" type="stmt" count="23"/>
        <line num="94" type="stmt" count="23"/>
        <line num="95" type="stmt" count="23"/>
        <line num="96" type="stmt" count="23"/>
        <line num="97" type="stmt" count="23"/>
        <line num="98" type="stmt" count="23"/>
        <line num="99" type="stmt" count="23"/>
        <line num="102" type="stmt" count="23"/>
        <line num="106" type="method" name="cycle3" visibility="private" complexity="3" crap="3" count="3"/>
        <line num="107" type="stmt" count="3"/>
        <line num="108" type="stmt" count="3"/>
        <line num="109" type="stmt" count="3"/>
        <line num="110" type="stmt" count="1"/>
        <line num="111" type="stmt" count="1"/>
        <line num="112" type="stmt" count="1"/>
        <line num="113" type="stmt" count="1"/>
        <line num="116" type="stmt" count="3"/>
        <line num="119" type="method" name="cycle4" visibility="private" complexity="3" crap="3" count="3"/>
        <line num="120" type="stmt" count="3"/>
        <line num="121" type="stmt" count="3"/>
        <line num="122" type="stmt" count="3"/>
        <line num="123" type="stmt" count="3"/>
        <line num="124" type="stmt" count="3"/>
        <line num="125" type="stmt" count="3"/>
        <line num="126" type="stmt" count="3"/>
        <line num="129" type="stmt" count="3"/>
        <line num="132" type="method" name="cycle5" visibility="private" complexity="3" crap="3" count="2"/>
        <line num="133" type="stmt" count="2"/>
        <line num="134" type="stmt" count="2"/>
        <line num="135" type="stmt" count="2"/>
        <line num="136" type="stmt" count="2"/>
        <line num="137" type="stmt" count="2"/>
        <line num="138" type="stmt" count="2"/>
        <line num="139" type="stmt" count="2"/>
        <line num="142" type="stmt" count="2"/>
        <line num="145" type="method" name="moveCalculatedGames" visibility="private" complexity="8" crap="8" count="23"/>
        <line num="147" type="stmt" count="23"/>
        <line num="149" type="stmt" count="23"/>
        <line num="150" type="stmt" count="23"/>
        <line num="153" type="stmt" count="23"/>
        <line num="154" type="stmt" count="23"/>
        <line num="155" type="stmt" count="23"/>
        <line num="158" type="stmt" count="23"/>
        <line num="159" type="stmt" count="23"/>
        <line num="160" type="stmt" count="23"/>
        <line num="163" type="stmt" count="23"/>
        <line num="164" type="stmt" count="23"/>
        <line num="165" type="stmt" count="23"/>
        <line num="169" type="stmt" count="23"/>
        <line num="172" type="method" name="orderCheckTeamsVal" visibility="private" complexity="5" crap="5" count="23"/>
        <line num="176" type="stmt" count="23"/>
        <line num="177" type="stmt" count="23"/>
        <line num="178" type="stmt" count="23"/>
        <line num="181" type="stmt" count="23"/>
        <line num="183" type="stmt" count="23"/>
        <metrics loc="187" ncloc="120" classes="1" methods="9" coveredmethods="9" conditionals="0" coveredconditionals="0" statements="74" coveredstatements="74" elements="83" coveredelements="83"/>
      </file>
      <file name="/Volumes/Heroyt-Disk/work/Moje/rozlosy/src/TournamentGenerator/Utilis/Sorter/Teams.php">
        <class name="TournamentGenerator\Utilis\Sorter\Teams" namespace="TournamentGenerator\Utilis\Sorter">
          <metrics complexity="17" methods="4" coveredmethods="4" conditionals="0" coveredconditionals="0" statements="23" coveredstatements="23" elements="27" coveredelements="27"/>
        </class>
        <line num="34" type="method" name="sortGroup" visibility="public" complexity="4" crap="4" count="39"/>
        <line num="35" type="stmt" count="39"/>
        <line num="37" type="stmt" count="39"/>
        <line num="39" type="stmt" count="39"/>
        <line num="41" type="stmt" count="38"/>
        <line num="42" type="stmt" count="38"/>
        <line num="44" type="stmt" count="1"/>
        <line num="45" type="stmt" count="1"/>
        <line num="48" type="stmt" count="39"/>
        <line num="60" type="method" name="sortRound" visibility="public" complexity="4" crap="4" count="9"/>
        <line num="61" type="stmt" count="9"/>
        <line num="63" type="stmt" count="9"/>
        <line num="65" type="stmt" count="9"/>
        <line num="67" type="stmt" count="6"/>
        <line num="68" type="stmt" count="6"/>
        <line num="70" type="stmt" count="3"/>
        <line num="71" type="stmt" count="3"/>
        <line num="74" type="stmt" count="9"/>
        <line num="80" type="method" name="sortTeamsByPoints" visibility="private" complexity="6" crap="6" count="44"/>
        <line num="81" type="stmt" count="44"/>
        <line num="82" type="stmt" count="44"/>
        <line num="83" type="stmt" count="41"/>
        <line num="84" type="stmt" count="41"/>
        <line num="89" type="method" name="sortTeamsByScore" visibility="private" complexity="3" crap="3" count="4"/>
        <line num="90" type="stmt" count="4"/>
        <line num="91" type="stmt" count="4"/>
        <line num="92" type="stmt" count="4"/>
        <metrics loc="95" ncloc="56" classes="1" methods="4" coveredmethods="4" conditionals="0" coveredconditionals="0" statements="23" coveredstatements="23" elements="27" coveredelements="27"/>
      </file>
    </package>
    <file name="/Volumes/Heroyt-Disk/work/Moje/rozlosy/src/TournamentGenerator/WithGeneratorSetters.php">
      <metrics loc="18" ncloc="15" classes="0" methods="0" coveredmethods="0" conditionals="0" coveredconditionals="0" statements="0" coveredstatements="0" elements="0" coveredelements="0"/>
    </file>
    <file name="/Volumes/Heroyt-Disk/work/Moje/rozlosy/src/TournamentGenerator/WithRounds.php">
      <metrics loc="14" ncloc="11" classes="0" methods="0" coveredmethods="0" conditionals="0" coveredconditionals="0" statements="0" coveredstatements="0" elements="0" coveredelements="0"/>
    </file>
    <file name="/Volumes/Heroyt-Disk/work/Moje/rozlosy/src/TournamentGenerator/WithSkipSetters.php">
      <metrics loc="14" ncloc="11" classes="0" methods="0" coveredmethods="0" conditionals="0" coveredconditionals="0" statements="0" coveredstatements="0" elements="0" coveredelements="0"/>
    </file>
    <file name="/Volumes/Heroyt-Disk/work/Moje/rozlosy/src/TournamentGenerator/WithTeams.php">
      <metrics loc="14" ncloc="11" classes="0" methods="0" coveredmethods="0" conditionals="0" coveredconditionals="0" statements="0" coveredstatements="0" elements="0" coveredelements="0"/>
    </file>
    <file name="/Volumes/Heroyt-Disk/work/Moje/rozlosy/src/TournamentGenerator/functions.php">
      <line num="7" type="stmt" count="5"/>
      <metrics loc="8" ncloc="6" classes="0" methods="0" coveredmethods="0" conditionals="0" coveredconditionals="0" statements="1" coveredstatements="1" elements="1" coveredelements="1"/>
    </file>
    <metrics files="25" loc="2482" ncloc="2108" classes="19" methods="219" coveredmethods="219" conditionals="0" coveredconditionals="0" statements="1092" coveredstatements="1092" elements="1311" coveredelements="1311"/>
  </project>
</coverage>
